{"/workspaces/Site-Professor-Yago/api/controllers/authController.js": {"path":"/workspaces/Site-Professor-Yago/api/controllers/authController.js","statementMap":{"0":{"start":{"line":1,"column":13},"end":{"line":1,"column":38}},"1":{"start":{"line":2,"column":12},"end":{"line":2,"column":35}},"2":{"start":{"line":3,"column":15},"end":{"line":3,"column":34}},"3":{"start":{"line":4,"column":15},"end":{"line":4,"column":35}},"4":{"start":{"line":5,"column":33},"end":{"line":5,"column":64}},"5":{"start":{"line":6,"column":56},"end":{"line":6,"column":87}},"6":{"start":{"line":9,"column":0},"end":{"line":71,"column":2}},"7":{"start":{"line":10,"column":2},"end":{"line":70,"column":3}},"8":{"start":{"line":11,"column":32},"end":{"line":11,"column":40}},"9":{"start":{"line":12,"column":4},"end":{"line":12,"column":80}},"10":{"start":{"line":15,"column":4},"end":{"line":17,"column":5}},"11":{"start":{"line":16,"column":6},"end":{"line":16,"column":81}},"12":{"start":{"line":20,"column":15},"end":{"line":20,"column":73}},"13":{"start":{"line":21,"column":2},"end":{"line":21,"column":57}},"14":{"start":{"line":23,"column":4},"end":{"line":25,"column":5}},"15":{"start":{"line":24,"column":6},"end":{"line":24,"column":72}},"16":{"start":{"line":28,"column":18},"end":{"line":28,"column":23}},"17":{"start":{"line":29,"column":4},"end":{"line":34,"column":5}},"18":{"start":{"line":30,"column":6},"end":{"line":30,"column":53}},"19":{"start":{"line":32,"column":6},"end":{"line":32,"column":67}},"20":{"start":{"line":33,"column":6},"end":{"line":33,"column":19}},"21":{"start":{"line":35,"column":4},"end":{"line":35,"column":58}},"22":{"start":{"line":37,"column":4},"end":{"line":39,"column":5}},"23":{"start":{"line":38,"column":6},"end":{"line":38,"column":72}},"24":{"start":{"line":42,"column":18},"end":{"line":46,"column":5}},"25":{"start":{"line":48,"column":2},"end":{"line":48,"column":53}},"26":{"start":{"line":49,"column":4},"end":{"line":49,"column":69}},"27":{"start":{"line":52,"column":26},"end":{"line":52,"column":48}},"28":{"start":{"line":53,"column":4},"end":{"line":53,"column":63}},"29":{"start":{"line":54,"column":4},"end":{"line":54,"column":51}},"30":{"start":{"line":57,"column":4},"end":{"line":66,"column":7}},"31":{"start":{"line":68,"column":4},"end":{"line":68,"column":54}},"32":{"start":{"line":69,"column":4},"end":{"line":69,"column":16}},"33":{"start":{"line":74,"column":0},"end":{"line":136,"column":2}},"34":{"start":{"line":75,"column":2},"end":{"line":135,"column":3}},"35":{"start":{"line":76,"column":32},"end":{"line":76,"column":40}},"36":{"start":{"line":77,"column":4},"end":{"line":77,"column":80}},"37":{"start":{"line":80,"column":4},"end":{"line":82,"column":5}},"38":{"start":{"line":81,"column":6},"end":{"line":81,"column":81}},"39":{"start":{"line":85,"column":15},"end":{"line":85,"column":73}},"40":{"start":{"line":86,"column":2},"end":{"line":86,"column":57}},"41":{"start":{"line":88,"column":4},"end":{"line":90,"column":5}},"42":{"start":{"line":89,"column":6},"end":{"line":89,"column":72}},"43":{"start":{"line":93,"column":18},"end":{"line":93,"column":23}},"44":{"start":{"line":94,"column":4},"end":{"line":99,"column":5}},"45":{"start":{"line":95,"column":6},"end":{"line":95,"column":53}},"46":{"start":{"line":97,"column":6},"end":{"line":97,"column":67}},"47":{"start":{"line":98,"column":6},"end":{"line":98,"column":19}},"48":{"start":{"line":100,"column":4},"end":{"line":100,"column":58}},"49":{"start":{"line":102,"column":4},"end":{"line":104,"column":5}},"50":{"start":{"line":103,"column":6},"end":{"line":103,"column":72}},"51":{"start":{"line":107,"column":18},"end":{"line":111,"column":5}},"52":{"start":{"line":113,"column":2},"end":{"line":113,"column":53}},"53":{"start":{"line":114,"column":4},"end":{"line":114,"column":69}},"54":{"start":{"line":117,"column":26},"end":{"line":117,"column":48}},"55":{"start":{"line":118,"column":4},"end":{"line":118,"column":63}},"56":{"start":{"line":119,"column":4},"end":{"line":119,"column":51}},"57":{"start":{"line":122,"column":4},"end":{"line":131,"column":7}},"58":{"start":{"line":133,"column":4},"end":{"line":133,"column":54}},"59":{"start":{"line":134,"column":4},"end":{"line":134,"column":16}},"60":{"start":{"line":139,"column":0},"end":{"line":153,"column":2}},"61":{"start":{"line":140,"column":2},"end":{"line":152,"column":3}},"62":{"start":{"line":141,"column":4},"end":{"line":141,"column":60}},"63":{"start":{"line":143,"column":17},"end":{"line":143,"column":73}},"64":{"start":{"line":145,"column":4},"end":{"line":147,"column":5}},"65":{"start":{"line":146,"column":6},"end":{"line":146,"column":73}},"66":{"start":{"line":149,"column":4},"end":{"line":149,"column":19}},"67":{"start":{"line":151,"column":4},"end":{"line":151,"column":16}},"68":{"start":{"line":156,"column":0},"end":{"line":174,"column":2}},"69":{"start":{"line":157,"column":2},"end":{"line":173,"column":3}},"70":{"start":{"line":158,"column":4},"end":{"line":158,"column":37}},"71":{"start":{"line":161,"column":26},"end":{"line":161,"column":48}},"72":{"start":{"line":162,"column":27},"end":{"line":165,"column":5}},"73":{"start":{"line":167,"column":4},"end":{"line":167,"column":64}},"74":{"start":{"line":168,"column":4},"end":{"line":168,"column":49}},"75":{"start":{"line":170,"column":4},"end":{"line":170,"column":58}},"76":{"start":{"line":172,"column":4},"end":{"line":172,"column":16}},"77":{"start":{"line":177,"column":0},"end":{"line":196,"column":2}},"78":{"start":{"line":178,"column":14},"end":{"line":178,"column":37}},"79":{"start":{"line":179,"column":16},"end":{"line":179,"column":39}},"80":{"start":{"line":180,"column":16},"end":{"line":180,"column":20}},"81":{"start":{"line":181,"column":2},"end":{"line":183,"column":3}},"82":{"start":{"line":182,"column":4},"end":{"line":182,"column":107}},"83":{"start":{"line":182,"column":10},"end":{"line":182,"column":54}},"84":{"start":{"line":182,"column":68},"end":{"line":182,"column":105}},"85":{"start":{"line":184,"column":2},"end":{"line":195,"column":5}},"86":{"start":{"line":199,"column":0},"end":{"line":228,"column":2}},"87":{"start":{"line":200,"column":2},"end":{"line":227,"column":3}},"88":{"start":{"line":201,"column":32},"end":{"line":201,"column":46}},"89":{"start":{"line":202,"column":19},"end":{"line":202,"column":91}},"90":{"start":{"line":203,"column":4},"end":{"line":205,"column":5}},"91":{"start":{"line":204,"column":6},"end":{"line":204,"column":90}},"92":{"start":{"line":206,"column":17},"end":{"line":206,"column":63}},"93":{"start":{"line":207,"column":4},"end":{"line":207,"column":33}},"94":{"start":{"line":208,"column":4},"end":{"line":208,"column":30}},"95":{"start":{"line":209,"column":4},"end":{"line":211,"column":5}},"96":{"start":{"line":210,"column":6},"end":{"line":210,"column":88}},"97":{"start":{"line":212,"column":21},"end":{"line":212,"column":26}},"98":{"start":{"line":213,"column":4},"end":{"line":217,"column":5}},"99":{"start":{"line":214,"column":6},"end":{"line":214,"column":56}},"100":{"start":{"line":216,"column":6},"end":{"line":216,"column":118}},"101":{"start":{"line":218,"column":4},"end":{"line":218,"column":29}},"102":{"start":{"line":219,"column":4},"end":{"line":219,"column":35}},"103":{"start":{"line":220,"column":4},"end":{"line":222,"column":5}},"104":{"start":{"line":221,"column":6},"end":{"line":221,"column":89}},"105":{"start":{"line":223,"column":4},"end":{"line":223,"column":29}},"106":{"start":{"line":224,"column":4},"end":{"line":224,"column":21}},"107":{"start":{"line":226,"column":4},"end":{"line":226,"column":12}}},"fnMap":{"0":{"name":"(anonymous_0)","decl":{"start":{"line":9,"column":23},"end":{"line":9,"column":24}},"loc":{"start":{"line":9,"column":49},"end":{"line":71,"column":1}},"line":9},"1":{"name":"(anonymous_1)","decl":{"start":{"line":74,"column":23},"end":{"line":74,"column":24}},"loc":{"start":{"line":74,"column":49},"end":{"line":136,"column":1}},"line":74},"2":{"name":"(anonymous_2)","decl":{"start":{"line":139,"column":16},"end":{"line":139,"column":17}},"loc":{"start":{"line":139,"column":42},"end":{"line":153,"column":1}},"line":139},"3":{"name":"(anonymous_3)","decl":{"start":{"line":156,"column":17},"end":{"line":156,"column":18}},"loc":{"start":{"line":156,"column":43},"end":{"line":174,"column":1}},"line":156},"4":{"name":"(anonymous_4)","decl":{"start":{"line":177,"column":23},"end":{"line":177,"column":24}},"loc":{"start":{"line":177,"column":43},"end":{"line":196,"column":1}},"line":177},"5":{"name":"(anonymous_5)","decl":{"start":{"line":199,"column":29},"end":{"line":199,"column":30}},"loc":{"start":{"line":199,"column":55},"end":{"line":228,"column":1}},"line":199}},"branchMap":{"0":{"loc":{"start":{"line":15,"column":4},"end":{"line":17,"column":5}},"type":"if","locations":[{"start":{"line":15,"column":4},"end":{"line":17,"column":5}},{"start":{},"end":{}}],"line":15},"1":{"loc":{"start":{"line":15,"column":8},"end":{"line":15,"column":27}},"type":"binary-expr","locations":[{"start":{"line":15,"column":8},"end":{"line":15,"column":14}},{"start":{"line":15,"column":18},"end":{"line":15,"column":27}}],"line":15},"2":{"loc":{"start":{"line":23,"column":4},"end":{"line":25,"column":5}},"type":"if","locations":[{"start":{"line":23,"column":4},"end":{"line":25,"column":5}},{"start":{},"end":{}}],"line":23},"3":{"loc":{"start":{"line":37,"column":4},"end":{"line":39,"column":5}},"type":"if","locations":[{"start":{"line":37,"column":4},"end":{"line":39,"column":5}},{"start":{},"end":{}}],"line":37},"4":{"loc":{"start":{"line":80,"column":4},"end":{"line":82,"column":5}},"type":"if","locations":[{"start":{"line":80,"column":4},"end":{"line":82,"column":5}},{"start":{},"end":{}}],"line":80},"5":{"loc":{"start":{"line":80,"column":8},"end":{"line":80,"column":27}},"type":"binary-expr","locations":[{"start":{"line":80,"column":8},"end":{"line":80,"column":14}},{"start":{"line":80,"column":18},"end":{"line":80,"column":27}}],"line":80},"6":{"loc":{"start":{"line":88,"column":4},"end":{"line":90,"column":5}},"type":"if","locations":[{"start":{"line":88,"column":4},"end":{"line":90,"column":5}},{"start":{},"end":{}}],"line":88},"7":{"loc":{"start":{"line":102,"column":4},"end":{"line":104,"column":5}},"type":"if","locations":[{"start":{"line":102,"column":4},"end":{"line":104,"column":5}},{"start":{},"end":{}}],"line":102},"8":{"loc":{"start":{"line":145,"column":4},"end":{"line":147,"column":5}},"type":"if","locations":[{"start":{"line":145,"column":4},"end":{"line":147,"column":5}},{"start":{},"end":{}}],"line":145},"9":{"loc":{"start":{"line":181,"column":2},"end":{"line":183,"column":3}},"type":"if","locations":[{"start":{"line":181,"column":2},"end":{"line":183,"column":3}},{"start":{},"end":{}}],"line":181},"10":{"loc":{"start":{"line":186,"column":28},"end":{"line":186,"column":45}},"type":"binary-expr","locations":[{"start":{"line":186,"column":28},"end":{"line":186,"column":39}},{"start":{"line":186,"column":43},"end":{"line":186,"column":45}}],"line":186},"11":{"loc":{"start":{"line":201,"column":32},"end":{"line":201,"column":46}},"type":"binary-expr","locations":[{"start":{"line":201,"column":32},"end":{"line":201,"column":40}},{"start":{"line":201,"column":44},"end":{"line":201,"column":46}}],"line":201},"12":{"loc":{"start":{"line":203,"column":4},"end":{"line":205,"column":5}},"type":"if","locations":[{"start":{"line":203,"column":4},"end":{"line":205,"column":5}},{"start":{},"end":{}}],"line":203},"13":{"loc":{"start":{"line":203,"column":8},"end":{"line":203,"column":27}},"type":"binary-expr","locations":[{"start":{"line":203,"column":8},"end":{"line":203,"column":14}},{"start":{"line":203,"column":18},"end":{"line":203,"column":27}}],"line":203},"14":{"loc":{"start":{"line":209,"column":4},"end":{"line":211,"column":5}},"type":"if","locations":[{"start":{"line":209,"column":4},"end":{"line":211,"column":5}},{"start":{},"end":{}}],"line":209},"15":{"loc":{"start":{"line":220,"column":4},"end":{"line":222,"column":5}},"type":"if","locations":[{"start":{"line":220,"column":4},"end":{"line":222,"column":5}},{"start":{},"end":{}}],"line":220}},"s":{"0":10,"1":10,"2":10,"3":10,"4":10,"5":10,"6":10,"7":0,"8":0,"9":0,"10":0,"11":0,"12":0,"13":0,"14":0,"15":0,"16":0,"17":0,"18":0,"19":0,"20":0,"21":0,"22":0,"23":0,"24":0,"25":0,"26":0,"27":0,"28":0,"29":0,"30":0,"31":0,"32":0,"33":10,"34":0,"35":0,"36":0,"37":0,"38":0,"39":0,"40":0,"41":0,"42":0,"43":0,"44":0,"45":0,"46":0,"47":0,"48":0,"49":0,"50":0,"51":0,"52":0,"53":0,"54":0,"55":0,"56":0,"57":0,"58":0,"59":0,"60":10,"61":0,"62":0,"63":0,"64":0,"65":0,"66":0,"67":0,"68":10,"69":0,"70":0,"71":0,"72":0,"73":0,"74":0,"75":0,"76":0,"77":10,"78":0,"79":0,"80":0,"81":0,"82":0,"83":0,"84":0,"85":0,"86":10,"87":0,"88":0,"89":0,"90":0,"91":0,"92":0,"93":0,"94":0,"95":0,"96":0,"97":0,"98":0,"99":0,"100":0,"101":0,"102":0,"103":0,"104":0,"105":0,"106":0,"107":0},"f":{"0":0,"1":0,"2":0,"3":0,"4":0,"5":0},"b":{"0":[0,0],"1":[0,0],"2":[0,0],"3":[0,0],"4":[0,0],"5":[0,0],"6":[0,0],"7":[0,0],"8":[0,0],"9":[0,0],"10":[0,0],"11":[0,0],"12":[0,0],"13":[0,0],"14":[0,0],"15":[0,0]},"_coverageSchema":"1a1c01bbd47fc00a2c39e90264f33305004495a9","hash":"ddc859ebe5472171aefafc9ff596ff903beef478"}
,"/workspaces/Site-Professor-Yago/api/controllers/classesController.js": {"path":"/workspaces/Site-Professor-Yago/api/controllers/classesController.js","statementMap":{"0":{"start":{"line":1,"column":14},"end":{"line":1,"column":40}},"1":{"start":{"line":2,"column":13},"end":{"line":2,"column":38}},"2":{"start":{"line":7,"column":0},"end":{"line":14,"column":2}},"3":{"start":{"line":8,"column":2},"end":{"line":13,"column":3}},"4":{"start":{"line":9,"column":20},"end":{"line":9,"column":92}},"5":{"start":{"line":10,"column":4},"end":{"line":10,"column":34}},"6":{"start":{"line":12,"column":4},"end":{"line":12,"column":16}},"7":{"start":{"line":19,"column":0},"end":{"line":35,"column":2}},"8":{"start":{"line":20,"column":2},"end":{"line":34,"column":3}},"9":{"start":{"line":21,"column":35},"end":{"line":21,"column":43}},"10":{"start":{"line":22,"column":22},"end":{"line":22,"column":33}},"11":{"start":{"line":24,"column":21},"end":{"line":29,"column":6}},"12":{"start":{"line":31,"column":4},"end":{"line":31,"column":35}},"13":{"start":{"line":33,"column":4},"end":{"line":33,"column":16}},"14":{"start":{"line":40,"column":0},"end":{"line":62,"column":2}},"15":{"start":{"line":41,"column":2},"end":{"line":61,"column":3}},"16":{"start":{"line":42,"column":22},"end":{"line":42,"column":57}},"17":{"start":{"line":44,"column":4},"end":{"line":46,"column":5}},"18":{"start":{"line":45,"column":6},"end":{"line":45,"column":71}},"19":{"start":{"line":49,"column":4},"end":{"line":51,"column":5}},"20":{"start":{"line":50,"column":6},"end":{"line":50,"column":72}},"21":{"start":{"line":53,"column":4},"end":{"line":56,"column":7}},"22":{"start":{"line":58,"column":4},"end":{"line":58,"column":38}},"23":{"start":{"line":60,"column":4},"end":{"line":60,"column":16}},"24":{"start":{"line":67,"column":0},"end":{"line":91,"column":2}},"25":{"start":{"line":68,"column":2},"end":{"line":90,"column":3}},"26":{"start":{"line":69,"column":24},"end":{"line":69,"column":59}},"27":{"start":{"line":71,"column":4},"end":{"line":73,"column":5}},"28":{"start":{"line":72,"column":6},"end":{"line":72,"column":71}},"29":{"start":{"line":75,"column":4},"end":{"line":77,"column":5}},"30":{"start":{"line":76,"column":6},"end":{"line":76,"column":72}},"31":{"start":{"line":80,"column":28},"end":{"line":80,"column":81}},"32":{"start":{"line":81,"column":4},"end":{"line":83,"column":5}},"33":{"start":{"line":82,"column":6},"end":{"line":82,"column":115}},"34":{"start":{"line":85,"column":4},"end":{"line":85,"column":31}},"35":{"start":{"line":87,"column":4},"end":{"line":87,"column":54}},"36":{"start":{"line":89,"column":4},"end":{"line":89,"column":16}}},"fnMap":{"0":{"name":"(anonymous_0)","decl":{"start":{"line":7,"column":21},"end":{"line":7,"column":22}},"loc":{"start":{"line":7,"column":47},"end":{"line":14,"column":1}},"line":7},"1":{"name":"(anonymous_1)","decl":{"start":{"line":19,"column":22},"end":{"line":19,"column":23}},"loc":{"start":{"line":19,"column":48},"end":{"line":35,"column":1}},"line":19},"2":{"name":"(anonymous_2)","decl":{"start":{"line":40,"column":22},"end":{"line":40,"column":23}},"loc":{"start":{"line":40,"column":48},"end":{"line":62,"column":1}},"line":40},"3":{"name":"(anonymous_3)","decl":{"start":{"line":67,"column":22},"end":{"line":67,"column":23}},"loc":{"start":{"line":67,"column":48},"end":{"line":91,"column":1}},"line":67}},"branchMap":{"0":{"loc":{"start":{"line":44,"column":4},"end":{"line":46,"column":5}},"type":"if","locations":[{"start":{"line":44,"column":4},"end":{"line":46,"column":5}},{"start":{},"end":{}}],"line":44},"1":{"loc":{"start":{"line":49,"column":4},"end":{"line":51,"column":5}},"type":"if","locations":[{"start":{"line":49,"column":4},"end":{"line":51,"column":5}},{"start":{},"end":{}}],"line":49},"2":{"loc":{"start":{"line":71,"column":4},"end":{"line":73,"column":5}},"type":"if","locations":[{"start":{"line":71,"column":4},"end":{"line":73,"column":5}},{"start":{},"end":{}}],"line":71},"3":{"loc":{"start":{"line":75,"column":4},"end":{"line":77,"column":5}},"type":"if","locations":[{"start":{"line":75,"column":4},"end":{"line":77,"column":5}},{"start":{},"end":{}}],"line":75},"4":{"loc":{"start":{"line":81,"column":4},"end":{"line":83,"column":5}},"type":"if","locations":[{"start":{"line":81,"column":4},"end":{"line":83,"column":5}},{"start":{},"end":{}}],"line":81}},"s":{"0":10,"1":10,"2":10,"3":0,"4":0,"5":0,"6":0,"7":10,"8":0,"9":0,"10":0,"11":0,"12":0,"13":0,"14":10,"15":0,"16":0,"17":0,"18":0,"19":0,"20":0,"21":0,"22":0,"23":0,"24":10,"25":0,"26":0,"27":0,"28":0,"29":0,"30":0,"31":0,"32":0,"33":0,"34":0,"35":0,"36":0},"f":{"0":0,"1":0,"2":0,"3":0},"b":{"0":[0,0],"1":[0,0],"2":[0,0],"3":[0,0],"4":[0,0]},"_coverageSchema":"1a1c01bbd47fc00a2c39e90264f33305004495a9","hash":"bee046cb02da7e38baeaeafc4f293f84a091a4d2"}
,"/workspaces/Site-Professor-Yago/api/controllers/essaysController.js": {"path":"/workspaces/Site-Professor-Yago/api/controllers/essaysController.js","statementMap":{"0":{"start":{"line":1,"column":14},"end":{"line":1,"column":40}},"1":{"start":{"line":2,"column":22},"end":{"line":2,"column":56}},"2":{"start":{"line":3,"column":12},"end":{"line":3,"column":35}},"3":{"start":{"line":4,"column":15},"end":{"line":4,"column":35}},"4":{"start":{"line":5,"column":26},"end":{"line":5,"column":66}},"5":{"start":{"line":6,"column":19},"end":{"line":6,"column":52}},"6":{"start":{"line":7,"column":15},"end":{"line":7,"column":44}},"7":{"start":{"line":8,"column":66},"end":{"line":8,"column":98}},"8":{"start":{"line":9,"column":21},"end":{"line":9,"column":56}},"9":{"start":{"line":11,"column":14},"end":{"line":11,"column":90}},"10":{"start":{"line":11,"column":27},"end":{"line":11,"column":90}},"11":{"start":{"line":11,"column":75},"end":{"line":11,"column":89}},"12":{"start":{"line":14,"column":0},"end":{"line":48,"column":2}},"13":{"start":{"line":15,"column":2},"end":{"line":47,"column":34}},"14":{"start":{"line":16,"column":34},"end":{"line":16,"column":43}},"15":{"start":{"line":17,"column":18},"end":{"line":17,"column":20}},"16":{"start":{"line":18,"column":4},"end":{"line":20,"column":5}},"17":{"start":{"line":19,"column":16},"end":{"line":19,"column":34}},"18":{"start":{"line":19,"column":36},"end":{"line":19,"column":70}},"19":{"start":{"line":19,"column":51},"end":{"line":19,"column":70}},"20":{"start":{"line":21,"column":4},"end":{"line":27,"column":5}},"21":{"start":{"line":22,"column":6},"end":{"line":22,"column":36}},"22":{"start":{"line":23,"column":11},"end":{"line":27,"column":5}},"23":{"start":{"line":24,"column":19},"end":{"line":24,"column":44}},"24":{"start":{"line":25,"column":23},"end":{"line":25,"column":75}},"25":{"start":{"line":26,"column":6},"end":{"line":26,"column":58}},"26":{"start":{"line":26,"column":49},"end":{"line":26,"column":54}},"27":{"start":{"line":29,"column":21},"end":{"line":36,"column":6}},"28":{"start":{"line":38,"column":21},"end":{"line":38,"column":52}},"29":{"start":{"line":40,"column":21},"end":{"line":40,"column":84}},"30":{"start":{"line":40,"column":28},"end":{"line":40,"column":84}},"31":{"start":{"line":40,"column":66},"end":{"line":40,"column":82}},"32":{"start":{"line":41,"column":4},"end":{"line":46,"column":7}},"33":{"start":{"line":47,"column":20},"end":{"line":47,"column":32}},"34":{"start":{"line":51,"column":0},"end":{"line":129,"column":2}},"35":{"start":{"line":52,"column":2},"end":{"line":128,"column":3}},"36":{"start":{"line":53,"column":93},"end":{"line":53,"column":102}},"37":{"start":{"line":55,"column":19},"end":{"line":55,"column":21}},"38":{"start":{"line":58,"column":4},"end":{"line":60,"column":5}},"39":{"start":{"line":59,"column":6},"end":{"line":59,"column":29}},"40":{"start":{"line":63,"column":4},"end":{"line":65,"column":5}},"41":{"start":{"line":64,"column":6},"end":{"line":64,"column":25}},"42":{"start":{"line":68,"column":4},"end":{"line":70,"column":5}},"43":{"start":{"line":69,"column":6},"end":{"line":69,"column":31}},"44":{"start":{"line":72,"column":4},"end":{"line":75,"column":5}},"45":{"start":{"line":73,"column":16},"end":{"line":73,"column":34}},"46":{"start":{"line":74,"column":6},"end":{"line":74,"column":41}},"47":{"start":{"line":74,"column":21},"end":{"line":74,"column":41}},"48":{"start":{"line":78,"column":4},"end":{"line":83,"column":5}},"49":{"start":{"line":80,"column":19},"end":{"line":80,"column":44}},"50":{"start":{"line":81,"column":23},"end":{"line":81,"column":75}},"51":{"start":{"line":82,"column":6},"end":{"line":82,"column":59}},"52":{"start":{"line":82,"column":50},"end":{"line":82,"column":55}},"53":{"start":{"line":85,"column":4},"end":{"line":87,"column":5}},"54":{"start":{"line":86,"column":6},"end":{"line":86,"column":35}},"55":{"start":{"line":90,"column":4},"end":{"line":94,"column":5}},"56":{"start":{"line":91,"column":6},"end":{"line":93,"column":8}},"57":{"start":{"line":97,"column":4},"end":{"line":99,"column":5}},"58":{"start":{"line":98,"column":6},"end":{"line":98,"column":37}},"59":{"start":{"line":101,"column":20},"end":{"line":110,"column":5}},"60":{"start":{"line":112,"column":28},"end":{"line":115,"column":6}},"61":{"start":{"line":117,"column":4},"end":{"line":125,"column":7}},"62":{"start":{"line":127,"column":4},"end":{"line":127,"column":16}},"63":{"start":{"line":133,"column":17},"end":{"line":133,"column":19}},"64":{"start":{"line":134,"column":2},"end":{"line":134,"column":47}},"65":{"start":{"line":134,"column":13},"end":{"line":134,"column":47}},"66":{"start":{"line":135,"column":2},"end":{"line":135,"column":86}},"67":{"start":{"line":135,"column":46},"end":{"line":135,"column":86}},"68":{"start":{"line":136,"column":2},"end":{"line":136,"column":88}},"69":{"start":{"line":136,"column":34},"end":{"line":136,"column":88}},"70":{"start":{"line":137,"column":2},"end":{"line":137,"column":78}},"71":{"start":{"line":137,"column":30},"end":{"line":137,"column":78}},"72":{"start":{"line":138,"column":2},"end":{"line":138,"column":16}},"73":{"start":{"line":142,"column":0},"end":{"line":172,"column":2}},"74":{"start":{"line":143,"column":2},"end":{"line":171,"column":3}},"75":{"start":{"line":144,"column":74},"end":{"line":144,"column":82}},"76":{"start":{"line":146,"column":29},"end":{"line":146,"column":88}},"77":{"start":{"line":147,"column":4},"end":{"line":149,"column":5}},"78":{"start":{"line":148,"column":6},"end":{"line":148,"column":95}},"79":{"start":{"line":151,"column":18},"end":{"line":165,"column":6}},"80":{"start":{"line":167,"column":4},"end":{"line":167,"column":23}},"81":{"start":{"line":168,"column":4},"end":{"line":168,"column":32}},"82":{"start":{"line":170,"column":4},"end":{"line":170,"column":16}},"83":{"start":{"line":175,"column":0},"end":{"line":212,"column":2}},"84":{"start":{"line":176,"column":24},"end":{"line":176,"column":34}},"85":{"start":{"line":177,"column":55},"end":{"line":177,"column":63}},"86":{"start":{"line":178,"column":15},"end":{"line":178,"column":23}},"87":{"start":{"line":179,"column":2},"end":{"line":211,"column":3}},"88":{"start":{"line":180,"column":4},"end":{"line":180,"column":93}},"89":{"start":{"line":180,"column":15},"end":{"line":180,"column":93}},"90":{"start":{"line":181,"column":4},"end":{"line":181,"column":95}},"91":{"start":{"line":181,"column":18},"end":{"line":181,"column":95}},"92":{"start":{"line":182,"column":22},"end":{"line":182,"column":77}},"93":{"start":{"line":184,"column":25},"end":{"line":187,"column":6}},"94":{"start":{"line":188,"column":22},"end":{"line":188,"column":79}},"95":{"start":{"line":190,"column":18},"end":{"line":205,"column":6}},"96":{"start":{"line":207,"column":4},"end":{"line":207,"column":23}},"97":{"start":{"line":208,"column":4},"end":{"line":208,"column":32}},"98":{"start":{"line":210,"column":4},"end":{"line":210,"column":16}},"99":{"start":{"line":215,"column":0},"end":{"line":237,"column":2}},"100":{"start":{"line":216,"column":2},"end":{"line":236,"column":3}},"101":{"start":{"line":217,"column":19},"end":{"line":217,"column":29}},"102":{"start":{"line":219,"column":18},"end":{"line":222,"column":35}},"103":{"start":{"line":224,"column":4},"end":{"line":226,"column":5}},"104":{"start":{"line":225,"column":6},"end":{"line":225,"column":73}},"105":{"start":{"line":229,"column":4},"end":{"line":231,"column":5}},"106":{"start":{"line":230,"column":6},"end":{"line":230,"column":87}},"107":{"start":{"line":233,"column":4},"end":{"line":233,"column":20}},"108":{"start":{"line":235,"column":4},"end":{"line":235,"column":16}},"109":{"start":{"line":240,"column":0},"end":{"line":300,"column":2}},"110":{"start":{"line":241,"column":2},"end":{"line":299,"column":3}},"111":{"start":{"line":242,"column":19},"end":{"line":242,"column":29}},"112":{"start":{"line":243,"column":85},"end":{"line":243,"column":93}},"113":{"start":{"line":244,"column":18},"end":{"line":244,"column":42}},"114":{"start":{"line":245,"column":4},"end":{"line":245,"column":83}},"115":{"start":{"line":245,"column":16},"end":{"line":245,"column":83}},"116":{"start":{"line":246,"column":4},"end":{"line":248,"column":5}},"117":{"start":{"line":247,"column":6},"end":{"line":247,"column":104}},"118":{"start":{"line":250,"column":4},"end":{"line":255,"column":5}},"119":{"start":{"line":251,"column":6},"end":{"line":253,"column":7}},"120":{"start":{"line":252,"column":8},"end":{"line":252,"column":77}},"121":{"start":{"line":254,"column":6},"end":{"line":254,"column":24}},"122":{"start":{"line":257,"column":4},"end":{"line":259,"column":5}},"123":{"start":{"line":258,"column":6},"end":{"line":258,"column":96}},"124":{"start":{"line":260,"column":4},"end":{"line":263,"column":5}},"125":{"start":{"line":261,"column":6},"end":{"line":261,"column":43}},"126":{"start":{"line":262,"column":6},"end":{"line":262,"column":47}},"127":{"start":{"line":262,"column":19},"end":{"line":262,"column":47}},"128":{"start":{"line":264,"column":4},"end":{"line":267,"column":5}},"129":{"start":{"line":265,"column":6},"end":{"line":265,"column":47}},"130":{"start":{"line":266,"column":6},"end":{"line":266,"column":47}},"131":{"start":{"line":266,"column":21},"end":{"line":266,"column":47}},"132":{"start":{"line":268,"column":4},"end":{"line":274,"column":5}},"133":{"start":{"line":269,"column":18},"end":{"line":269,"column":34}},"134":{"start":{"line":270,"column":6},"end":{"line":272,"column":7}},"135":{"start":{"line":271,"column":8},"end":{"line":271,"column":90}},"136":{"start":{"line":273,"column":6},"end":{"line":273,"column":27}},"137":{"start":{"line":275,"column":4},"end":{"line":275,"column":81}},"138":{"start":{"line":275,"column":39},"end":{"line":275,"column":81}},"139":{"start":{"line":276,"column":4},"end":{"line":283,"column":5}},"140":{"start":{"line":277,"column":19},"end":{"line":277,"column":44}},"141":{"start":{"line":278,"column":25},"end":{"line":278,"column":55}},"142":{"start":{"line":279,"column":6},"end":{"line":281,"column":7}},"143":{"start":{"line":280,"column":8},"end":{"line":280,"column":71}},"144":{"start":{"line":282,"column":6},"end":{"line":282,"column":34}},"145":{"start":{"line":285,"column":4},"end":{"line":292,"column":5}},"146":{"start":{"line":286,"column":6},"end":{"line":291,"column":8}},"147":{"start":{"line":294,"column":4},"end":{"line":294,"column":33}},"148":{"start":{"line":295,"column":4},"end":{"line":295,"column":23}},"149":{"start":{"line":296,"column":4},"end":{"line":296,"column":20}},"150":{"start":{"line":298,"column":4},"end":{"line":298,"column":16}},"151":{"start":{"line":303,"column":0},"end":{"line":333,"column":2}},"152":{"start":{"line":304,"column":2},"end":{"line":332,"column":3}},"153":{"start":{"line":305,"column":19},"end":{"line":305,"column":29}},"154":{"start":{"line":307,"column":18},"end":{"line":307,"column":42}},"155":{"start":{"line":309,"column":4},"end":{"line":311,"column":5}},"156":{"start":{"line":310,"column":6},"end":{"line":310,"column":73}},"157":{"start":{"line":314,"column":4},"end":{"line":316,"column":5}},"158":{"start":{"line":315,"column":6},"end":{"line":315,"column":87}},"159":{"start":{"line":319,"column":18},"end":{"line":327,"column":5}},"160":{"start":{"line":329,"column":4},"end":{"line":329,"column":24}},"161":{"start":{"line":331,"column":4},"end":{"line":331,"column":16}},"162":{"start":{"line":336,"column":0},"end":{"line":380,"column":2}},"163":{"start":{"line":337,"column":2},"end":{"line":379,"column":3}},"164":{"start":{"line":338,"column":19},"end":{"line":338,"column":29}},"165":{"start":{"line":341,"column":18},"end":{"line":341,"column":103}},"166":{"start":{"line":343,"column":4},"end":{"line":345,"column":5}},"167":{"start":{"line":344,"column":6},"end":{"line":344,"column":80}},"168":{"start":{"line":347,"column":4},"end":{"line":376,"column":5}},"169":{"start":{"line":348,"column":22},"end":{"line":348,"column":57}},"170":{"start":{"line":350,"column":6},"end":{"line":352,"column":7}},"171":{"start":{"line":351,"column":8},"end":{"line":351,"column":85}},"172":{"start":{"line":354,"column":20},"end":{"line":354,"column":44}},"173":{"start":{"line":356,"column":6},"end":{"line":358,"column":7}},"174":{"start":{"line":357,"column":8},"end":{"line":357,"column":75}},"175":{"start":{"line":361,"column":23},"end":{"line":361,"column":58}},"176":{"start":{"line":364,"column":6},"end":{"line":364,"column":74}},"177":{"start":{"line":365,"column":6},"end":{"line":367,"column":7}},"178":{"start":{"line":366,"column":8},"end":{"line":366,"column":57}},"179":{"start":{"line":370,"column":6},"end":{"line":370,"column":30}},"180":{"start":{"line":372,"column":6},"end":{"line":374,"column":7}},"181":{"start":{"line":373,"column":8},"end":{"line":373,"column":79}},"182":{"start":{"line":375,"column":6},"end":{"line":375,"column":18}},"183":{"start":{"line":378,"column":4},"end":{"line":378,"column":16}},"184":{"start":{"line":383,"column":0},"end":{"line":423,"column":2}},"185":{"start":{"line":384,"column":2},"end":{"line":422,"column":3}},"186":{"start":{"line":385,"column":19},"end":{"line":385,"column":29}},"187":{"start":{"line":388,"column":18},"end":{"line":388,"column":103}},"188":{"start":{"line":390,"column":4},"end":{"line":392,"column":5}},"189":{"start":{"line":391,"column":6},"end":{"line":391,"column":80}},"190":{"start":{"line":394,"column":4},"end":{"line":419,"column":5}},"191":{"start":{"line":395,"column":22},"end":{"line":395,"column":57}},"192":{"start":{"line":397,"column":6},"end":{"line":399,"column":7}},"193":{"start":{"line":398,"column":8},"end":{"line":398,"column":85}},"194":{"start":{"line":401,"column":20},"end":{"line":401,"column":44}},"195":{"start":{"line":403,"column":6},"end":{"line":405,"column":7}},"196":{"start":{"line":404,"column":8},"end":{"line":404,"column":75}},"197":{"start":{"line":408,"column":6},"end":{"line":408,"column":74}},"198":{"start":{"line":409,"column":6},"end":{"line":411,"column":7}},"199":{"start":{"line":410,"column":8},"end":{"line":410,"column":57}},"200":{"start":{"line":413,"column":6},"end":{"line":413,"column":28}},"201":{"start":{"line":415,"column":6},"end":{"line":417,"column":7}},"202":{"start":{"line":416,"column":8},"end":{"line":416,"column":79}},"203":{"start":{"line":418,"column":6},"end":{"line":418,"column":18}},"204":{"start":{"line":421,"column":4},"end":{"line":421,"column":16}},"205":{"start":{"line":426,"column":0},"end":{"line":471,"column":2}},"206":{"start":{"line":427,"column":2},"end":{"line":470,"column":3}},"207":{"start":{"line":428,"column":19},"end":{"line":428,"column":29}},"208":{"start":{"line":430,"column":18},"end":{"line":430,"column":42}},"209":{"start":{"line":432,"column":4},"end":{"line":434,"column":5}},"210":{"start":{"line":433,"column":6},"end":{"line":433,"column":73}},"211":{"start":{"line":437,"column":4},"end":{"line":439,"column":5}},"212":{"start":{"line":438,"column":6},"end":{"line":438,"column":90}},"213":{"start":{"line":442,"column":24},"end":{"line":444,"column":45}},"214":{"start":{"line":446,"column":4},"end":{"line":452,"column":5}},"215":{"start":{"line":447,"column":6},"end":{"line":451,"column":9}},"216":{"start":{"line":455,"column":4},"end":{"line":467,"column":7}},"217":{"start":{"line":457,"column":62},"end":{"line":465,"column":7}},"218":{"start":{"line":469,"column":4},"end":{"line":469,"column":16}},"219":{"start":{"line":474,"column":0},"end":{"line":568,"column":2}},"220":{"start":{"line":475,"column":2},"end":{"line":567,"column":3}},"221":{"start":{"line":476,"column":19},"end":{"line":476,"column":29}},"222":{"start":{"line":477,"column":28},"end":{"line":477,"column":36}},"223":{"start":{"line":479,"column":4},"end":{"line":481,"column":5}},"224":{"start":{"line":480,"column":6},"end":{"line":480,"column":92}},"225":{"start":{"line":483,"column":18},"end":{"line":483,"column":63}},"226":{"start":{"line":484,"column":4},"end":{"line":484,"column":83}},"227":{"start":{"line":484,"column":16},"end":{"line":484,"column":83}},"228":{"start":{"line":487,"column":4},"end":{"line":489,"column":5}},"229":{"start":{"line":488,"column":6},"end":{"line":488,"column":95}},"230":{"start":{"line":492,"column":24},"end":{"line":498,"column":5}},"231":{"start":{"line":499,"column":30},"end":{"line":499,"column":91}},"232":{"start":{"line":501,"column":22},"end":{"line":501,"column":24}},"233":{"start":{"line":502,"column":4},"end":{"line":540,"column":5}},"234":{"start":{"line":502,"column":17},"end":{"line":502,"column":18}},"235":{"start":{"line":503,"column":16},"end":{"line":503,"column":30}},"236":{"start":{"line":504,"column":21},"end":{"line":504,"column":23}},"237":{"start":{"line":505,"column":6},"end":{"line":505,"column":81}},"238":{"start":{"line":505,"column":52},"end":{"line":505,"column":81}},"239":{"start":{"line":506,"column":6},"end":{"line":506,"column":93}},"240":{"start":{"line":506,"column":59},"end":{"line":506,"column":93}},"241":{"start":{"line":507,"column":6},"end":{"line":507,"column":103}},"242":{"start":{"line":507,"column":68},"end":{"line":507,"column":103}},"243":{"start":{"line":508,"column":6},"end":{"line":508,"column":78}},"244":{"start":{"line":508,"column":42},"end":{"line":508,"column":78}},"245":{"start":{"line":509,"column":6},"end":{"line":509,"column":97}},"246":{"start":{"line":509,"column":64},"end":{"line":509,"column":97}},"247":{"start":{"line":510,"column":6},"end":{"line":512,"column":7}},"248":{"start":{"line":511,"column":8},"end":{"line":511,"column":102}},"249":{"start":{"line":514,"column":33},"end":{"line":514,"column":70}},"250":{"start":{"line":515,"column":6},"end":{"line":517,"column":7}},"251":{"start":{"line":516,"column":8},"end":{"line":516,"column":86}},"252":{"start":{"line":520,"column":20},"end":{"line":525,"column":137}},"253":{"start":{"line":520,"column":38},"end":{"line":525,"column":7}},"254":{"start":{"line":525,"column":22},"end":{"line":525,"column":136}},"255":{"start":{"line":527,"column":6},"end":{"line":529,"column":7}},"256":{"start":{"line":528,"column":8},"end":{"line":528,"column":104}},"257":{"start":{"line":531,"column":6},"end":{"line":539,"column":9}},"258":{"start":{"line":543,"column":24},"end":{"line":543,"column":68}},"259":{"start":{"line":544,"column":4},"end":{"line":549,"column":5}},"260":{"start":{"line":545,"column":6},"end":{"line":545,"column":80}},"261":{"start":{"line":547,"column":6},"end":{"line":547,"column":43}},"262":{"start":{"line":548,"column":6},"end":{"line":548,"column":43}},"263":{"start":{"line":550,"column":4},"end":{"line":550,"column":31}},"264":{"start":{"line":552,"column":4},"end":{"line":564,"column":7}},"265":{"start":{"line":554,"column":54},"end":{"line":562,"column":7}},"266":{"start":{"line":566,"column":4},"end":{"line":566,"column":16}},"267":{"start":{"line":571,"column":0},"end":{"line":629,"column":2}},"268":{"start":{"line":572,"column":2},"end":{"line":628,"column":3}},"269":{"start":{"line":573,"column":19},"end":{"line":573,"column":29}},"270":{"start":{"line":574,"column":80},"end":{"line":574,"column":88}},"271":{"start":{"line":576,"column":18},"end":{"line":576,"column":42}},"272":{"start":{"line":578,"column":4},"end":{"line":580,"column":5}},"273":{"start":{"line":579,"column":6},"end":{"line":579,"column":73}},"274":{"start":{"line":585,"column":4},"end":{"line":592,"column":5}},"275":{"start":{"line":586,"column":8},"end":{"line":591,"column":12}},"276":{"start":{"line":586,"column":52},"end":{"line":591,"column":9}},"277":{"start":{"line":593,"column":4},"end":{"line":595,"column":5}},"278":{"start":{"line":594,"column":6},"end":{"line":594,"column":46}},"279":{"start":{"line":596,"column":4},"end":{"line":598,"column":5}},"280":{"start":{"line":597,"column":6},"end":{"line":597,"column":36}},"281":{"start":{"line":599,"column":4},"end":{"line":601,"column":5}},"282":{"start":{"line":600,"column":6},"end":{"line":600,"column":34}},"283":{"start":{"line":602,"column":4},"end":{"line":604,"column":5}},"284":{"start":{"line":603,"column":6},"end":{"line":603,"column":36}},"285":{"start":{"line":607,"column":4},"end":{"line":619,"column":5}},"286":{"start":{"line":608,"column":6},"end":{"line":616,"column":7}},"287":{"start":{"line":609,"column":37},"end":{"line":609,"column":73}},"288":{"start":{"line":610,"column":8},"end":{"line":610,"column":43}},"289":{"start":{"line":611,"column":8},"end":{"line":611,"column":38}},"290":{"start":{"line":612,"column":8},"end":{"line":612,"column":30}},"291":{"start":{"line":613,"column":8},"end":{"line":613,"column":96}},"292":{"start":{"line":615,"column":8},"end":{"line":615,"column":60}},"293":{"start":{"line":617,"column":11},"end":{"line":619,"column":5}},"294":{"start":{"line":618,"column":6},"end":{"line":618,"column":109}},"295":{"start":{"line":621,"column":4},"end":{"line":621,"column":33}},"296":{"start":{"line":623,"column":25},"end":{"line":623,"column":43}},"297":{"start":{"line":625,"column":4},"end":{"line":625,"column":27}},"298":{"start":{"line":627,"column":4},"end":{"line":627,"column":16}},"299":{"start":{"line":632,"column":0},"end":{"line":669,"column":2}},"300":{"start":{"line":633,"column":2},"end":{"line":668,"column":3}},"301":{"start":{"line":634,"column":19},"end":{"line":634,"column":29}},"302":{"start":{"line":635,"column":20},"end":{"line":635,"column":28}},"303":{"start":{"line":636,"column":18},"end":{"line":636,"column":42}},"304":{"start":{"line":637,"column":4},"end":{"line":637,"column":83}},"305":{"start":{"line":637,"column":16},"end":{"line":637,"column":83}},"306":{"start":{"line":638,"column":4},"end":{"line":638,"column":121}},"307":{"start":{"line":638,"column":37},"end":{"line":638,"column":121}},"308":{"start":{"line":639,"column":4},"end":{"line":641,"column":5}},"309":{"start":{"line":640,"column":6},"end":{"line":640,"column":98}},"310":{"start":{"line":643,"column":4},"end":{"line":648,"column":5}},"311":{"start":{"line":644,"column":31},"end":{"line":644,"column":68}},"312":{"start":{"line":645,"column":6},"end":{"line":645,"column":79}},"313":{"start":{"line":647,"column":6},"end":{"line":647,"column":58}},"314":{"start":{"line":651,"column":4},"end":{"line":653,"column":5}},"315":{"start":{"line":652,"column":6},"end":{"line":652,"column":127}},"316":{"start":{"line":654,"column":4},"end":{"line":662,"column":5}},"317":{"start":{"line":655,"column":35},"end":{"line":655,"column":71}},"318":{"start":{"line":656,"column":6},"end":{"line":656,"column":40}},"319":{"start":{"line":657,"column":6},"end":{"line":657,"column":36}},"320":{"start":{"line":658,"column":6},"end":{"line":658,"column":28}},"321":{"start":{"line":659,"column":6},"end":{"line":659,"column":93}},"322":{"start":{"line":661,"column":6},"end":{"line":661,"column":58}},"323":{"start":{"line":663,"column":4},"end":{"line":663,"column":33}},"324":{"start":{"line":664,"column":4},"end":{"line":664,"column":23}},"325":{"start":{"line":665,"column":4},"end":{"line":665,"column":20}},"326":{"start":{"line":667,"column":4},"end":{"line":667,"column":16}},"327":{"start":{"line":672,"column":0},"end":{"line":731,"column":2}},"328":{"start":{"line":673,"column":2},"end":{"line":730,"column":3}},"329":{"start":{"line":674,"column":19},"end":{"line":674,"column":29}},"330":{"start":{"line":676,"column":18},"end":{"line":676,"column":42}},"331":{"start":{"line":678,"column":4},"end":{"line":680,"column":5}},"332":{"start":{"line":679,"column":6},"end":{"line":679,"column":73}},"333":{"start":{"line":683,"column":4},"end":{"line":685,"column":5}},"334":{"start":{"line":684,"column":6},"end":{"line":684,"column":104}},"335":{"start":{"line":688,"column":4},"end":{"line":690,"column":5}},"336":{"start":{"line":689,"column":6},"end":{"line":689,"column":98}},"337":{"start":{"line":693,"column":26},"end":{"line":693,"column":70}},"338":{"start":{"line":695,"column":4},"end":{"line":697,"column":5}},"339":{"start":{"line":696,"column":6},"end":{"line":696,"column":96}},"340":{"start":{"line":700,"column":20},"end":{"line":705,"column":5}},"341":{"start":{"line":708,"column":31},"end":{"line":712,"column":5}},"342":{"start":{"line":715,"column":19},"end":{"line":718,"column":6}},"343":{"start":{"line":721,"column":4},"end":{"line":721,"column":46}},"344":{"start":{"line":722,"column":4},"end":{"line":722,"column":23}},"345":{"start":{"line":724,"column":4},"end":{"line":727,"column":7}},"346":{"start":{"line":729,"column":4},"end":{"line":729,"column":16}},"347":{"start":{"line":734,"column":0},"end":{"line":836,"column":2}},"348":{"start":{"line":735,"column":2},"end":{"line":835,"column":3}},"349":{"start":{"line":736,"column":19},"end":{"line":736,"column":29}},"350":{"start":{"line":738,"column":18},"end":{"line":740,"column":35}},"351":{"start":{"line":742,"column":4},"end":{"line":744,"column":5}},"352":{"start":{"line":743,"column":6},"end":{"line":743,"column":73}},"353":{"start":{"line":747,"column":4},"end":{"line":749,"column":5}},"354":{"start":{"line":748,"column":6},"end":{"line":748,"column":114}},"355":{"start":{"line":752,"column":4},"end":{"line":754,"column":5}},"356":{"start":{"line":753,"column":6},"end":{"line":753,"column":116}},"357":{"start":{"line":757,"column":26},"end":{"line":757,"column":60}},"358":{"start":{"line":758,"column":4},"end":{"line":783,"column":5}},"359":{"start":{"line":759,"column":28},"end":{"line":759,"column":72}},"360":{"start":{"line":760,"column":6},"end":{"line":762,"column":7}},"361":{"start":{"line":761,"column":8},"end":{"line":761,"column":106}},"362":{"start":{"line":763,"column":23},"end":{"line":763,"column":46}},"363":{"start":{"line":764,"column":24},"end":{"line":773,"column":8}},"364":{"start":{"line":774,"column":21},"end":{"line":774,"column":44}},"365":{"start":{"line":775,"column":6},"end":{"line":775,"column":56}},"366":{"start":{"line":776,"column":6},"end":{"line":776,"column":66}},"367":{"start":{"line":777,"column":27},"end":{"line":780,"column":8}},"368":{"start":{"line":781,"column":6},"end":{"line":781,"column":54}},"369":{"start":{"line":782,"column":6},"end":{"line":782,"column":25}},"370":{"start":{"line":786,"column":4},"end":{"line":788,"column":5}},"371":{"start":{"line":787,"column":6},"end":{"line":787,"column":87}},"372":{"start":{"line":791,"column":23},"end":{"line":791,"column":103}},"373":{"start":{"line":794,"column":4},"end":{"line":807,"column":7}},"374":{"start":{"line":808,"column":4},"end":{"line":808,"column":19}},"375":{"start":{"line":809,"column":4},"end":{"line":809,"column":83}},"376":{"start":{"line":812,"column":4},"end":{"line":812,"column":45}},"377":{"start":{"line":813,"column":4},"end":{"line":823,"column":5}},"378":{"start":{"line":814,"column":6},"end":{"line":822,"column":7}},"379":{"start":{"line":815,"column":37},"end":{"line":815,"column":73}},"380":{"start":{"line":816,"column":8},"end":{"line":816,"column":40}},"381":{"start":{"line":817,"column":8},"end":{"line":817,"column":30}},"382":{"start":{"line":818,"column":8},"end":{"line":818,"column":92}},"383":{"start":{"line":821,"column":8},"end":{"line":821,"column":77}},"384":{"start":{"line":824,"column":4},"end":{"line":824,"column":23}},"385":{"start":{"line":826,"column":4},"end":{"line":832,"column":7}},"386":{"start":{"line":834,"column":4},"end":{"line":834,"column":16}},"387":{"start":{"line":839,"column":0},"end":{"line":889,"column":2}},"388":{"start":{"line":840,"column":2},"end":{"line":888,"column":3}},"389":{"start":{"line":841,"column":19},"end":{"line":841,"column":29}},"390":{"start":{"line":842,"column":18},"end":{"line":842,"column":72}},"391":{"start":{"line":844,"column":4},"end":{"line":846,"column":5}},"392":{"start":{"line":845,"column":6},"end":{"line":845,"column":73}},"393":{"start":{"line":848,"column":4},"end":{"line":863,"column":5}},"394":{"start":{"line":850,"column":84},"end":{"line":850,"column":92}},"395":{"start":{"line":851,"column":8},"end":{"line":858,"column":9}},"396":{"start":{"line":852,"column":12},"end":{"line":857,"column":16}},"397":{"start":{"line":852,"column":56},"end":{"line":857,"column":13}},"398":{"start":{"line":859,"column":8},"end":{"line":859,"column":69}},"399":{"start":{"line":859,"column":29},"end":{"line":859,"column":69}},"400":{"start":{"line":860,"column":8},"end":{"line":860,"column":54}},"401":{"start":{"line":860,"column":24},"end":{"line":860,"column":54}},"402":{"start":{"line":861,"column":8},"end":{"line":861,"column":51}},"403":{"start":{"line":861,"column":23},"end":{"line":861,"column":51}},"404":{"start":{"line":862,"column":8},"end":{"line":862,"column":68}},"405":{"start":{"line":862,"column":38},"end":{"line":862,"column":68}},"406":{"start":{"line":867,"column":27},"end":{"line":875,"column":5}},"407":{"start":{"line":878,"column":21},"end":{"line":878,"column":98}},"408":{"start":{"line":881,"column":4},"end":{"line":881,"column":53}},"409":{"start":{"line":882,"column":4},"end":{"line":882,"column":102}},"410":{"start":{"line":883,"column":4},"end":{"line":883,"column":36}},"411":{"start":{"line":886,"column":4},"end":{"line":886,"column":57}},"412":{"start":{"line":887,"column":4},"end":{"line":887,"column":16}},"413":{"start":{"line":892,"column":0},"end":{"line":912,"column":2}},"414":{"start":{"line":893,"column":2},"end":{"line":911,"column":34}},"415":{"start":{"line":894,"column":19},"end":{"line":894,"column":29}},"416":{"start":{"line":895,"column":23},"end":{"line":895,"column":31}},"417":{"start":{"line":896,"column":4},"end":{"line":896,"column":87}},"418":{"start":{"line":896,"column":17},"end":{"line":896,"column":87}},"419":{"start":{"line":897,"column":4},"end":{"line":899,"column":5}},"420":{"start":{"line":898,"column":6},"end":{"line":898,"column":66}},"421":{"start":{"line":900,"column":18},"end":{"line":900,"column":42}},"422":{"start":{"line":901,"column":4},"end":{"line":901,"column":83}},"423":{"start":{"line":901,"column":16},"end":{"line":901,"column":83}},"424":{"start":{"line":902,"column":4},"end":{"line":902,"column":121}},"425":{"start":{"line":902,"column":37},"end":{"line":902,"column":121}},"426":{"start":{"line":903,"column":4},"end":{"line":910,"column":5}},"427":{"start":{"line":904,"column":35},"end":{"line":904,"column":71}},"428":{"start":{"line":905,"column":6},"end":{"line":905,"column":38}},"429":{"start":{"line":906,"column":6},"end":{"line":906,"column":25}},"430":{"start":{"line":907,"column":6},"end":{"line":907,"column":56}},"431":{"start":{"line":909,"column":6},"end":{"line":909,"column":58}},"432":{"start":{"line":911,"column":20},"end":{"line":911,"column":32}}},"fnMap":{"0":{"name":"(anonymous_0)","decl":{"start":{"line":11,"column":14},"end":{"line":11,"column":15}},"loc":{"start":{"line":11,"column":27},"end":{"line":11,"column":90}},"line":11},"1":{"name":"(anonymous_1)","decl":{"start":{"line":11,"column":53},"end":{"line":11,"column":54}},"loc":{"start":{"line":11,"column":75},"end":{"line":11,"column":89}},"line":11},"2":{"name":"(anonymous_2)","decl":{"start":{"line":14,"column":27},"end":{"line":14,"column":28}},"loc":{"start":{"line":14,"column":53},"end":{"line":48,"column":1}},"line":14},"3":{"name":"(anonymous_3)","decl":{"start":{"line":26,"column":44},"end":{"line":26,"column":45}},"loc":{"start":{"line":26,"column":49},"end":{"line":26,"column":54}},"line":26},"4":{"name":"(anonymous_4)","decl":{"start":{"line":40,"column":21},"end":{"line":40,"column":22}},"loc":{"start":{"line":40,"column":28},"end":{"line":40,"column":84}},"line":40},"5":{"name":"(anonymous_5)","decl":{"start":{"line":40,"column":61},"end":{"line":40,"column":62}},"loc":{"start":{"line":40,"column":66},"end":{"line":40,"column":82}},"line":40},"6":{"name":"(anonymous_6)","decl":{"start":{"line":51,"column":20},"end":{"line":51,"column":21}},"loc":{"start":{"line":51,"column":46},"end":{"line":129,"column":1}},"line":51},"7":{"name":"(anonymous_7)","decl":{"start":{"line":82,"column":45},"end":{"line":82,"column":46}},"loc":{"start":{"line":82,"column":50},"end":{"line":82,"column":55}},"line":82},"8":{"name":"validateCreationPayload","decl":{"start":{"line":132,"column":9},"end":{"line":132,"column":32}},"loc":{"start":{"line":132,"column":69},"end":{"line":139,"column":1}},"line":132},"9":{"name":"(anonymous_9)","decl":{"start":{"line":142,"column":22},"end":{"line":142,"column":23}},"loc":{"start":{"line":142,"column":48},"end":{"line":172,"column":1}},"line":142},"10":{"name":"(anonymous_10)","decl":{"start":{"line":175,"column":32},"end":{"line":175,"column":33}},"loc":{"start":{"line":175,"column":58},"end":{"line":212,"column":1}},"line":175},"11":{"name":"(anonymous_11)","decl":{"start":{"line":215,"column":23},"end":{"line":215,"column":24}},"loc":{"start":{"line":215,"column":49},"end":{"line":237,"column":1}},"line":215},"12":{"name":"(anonymous_12)","decl":{"start":{"line":240,"column":22},"end":{"line":240,"column":23}},"loc":{"start":{"line":240,"column":48},"end":{"line":300,"column":1}},"line":240},"13":{"name":"(anonymous_13)","decl":{"start":{"line":303,"column":28},"end":{"line":303,"column":29}},"loc":{"start":{"line":303,"column":54},"end":{"line":333,"column":1}},"line":303},"14":{"name":"(anonymous_14)","decl":{"start":{"line":336,"column":23},"end":{"line":336,"column":24}},"loc":{"start":{"line":336,"column":49},"end":{"line":380,"column":1}},"line":336},"15":{"name":"(anonymous_15)","decl":{"start":{"line":383,"column":27},"end":{"line":383,"column":28}},"loc":{"start":{"line":383,"column":53},"end":{"line":423,"column":1}},"line":383},"16":{"name":"(anonymous_16)","decl":{"start":{"line":426,"column":25},"end":{"line":426,"column":26}},"loc":{"start":{"line":426,"column":51},"end":{"line":471,"column":1}},"line":426},"17":{"name":"(anonymous_17)","decl":{"start":{"line":457,"column":56},"end":{"line":457,"column":57}},"loc":{"start":{"line":457,"column":62},"end":{"line":465,"column":7}},"line":457},"18":{"name":"(anonymous_18)","decl":{"start":{"line":474,"column":28},"end":{"line":474,"column":29}},"loc":{"start":{"line":474,"column":54},"end":{"line":568,"column":1}},"line":474},"19":{"name":"(anonymous_19)","decl":{"start":{"line":520,"column":32},"end":{"line":520,"column":33}},"loc":{"start":{"line":520,"column":38},"end":{"line":525,"column":7}},"line":520},"20":{"name":"(anonymous_20)","decl":{"start":{"line":525,"column":17},"end":{"line":525,"column":18}},"loc":{"start":{"line":525,"column":22},"end":{"line":525,"column":136}},"line":525},"21":{"name":"(anonymous_21)","decl":{"start":{"line":554,"column":48},"end":{"line":554,"column":49}},"loc":{"start":{"line":554,"column":54},"end":{"line":562,"column":7}},"line":554},"22":{"name":"(anonymous_22)","decl":{"start":{"line":571,"column":25},"end":{"line":571,"column":26}},"loc":{"start":{"line":571,"column":51},"end":{"line":629,"column":1}},"line":571},"23":{"name":"(anonymous_23)","decl":{"start":{"line":586,"column":44},"end":{"line":586,"column":45}},"loc":{"start":{"line":586,"column":52},"end":{"line":591,"column":9}},"line":586},"24":{"name":"(anonymous_24)","decl":{"start":{"line":632,"column":21},"end":{"line":632,"column":22}},"loc":{"start":{"line":632,"column":47},"end":{"line":669,"column":1}},"line":632},"25":{"name":"(anonymous_25)","decl":{"start":{"line":672,"column":29},"end":{"line":672,"column":30}},"loc":{"start":{"line":672,"column":55},"end":{"line":731,"column":1}},"line":672},"26":{"name":"(anonymous_26)","decl":{"start":{"line":734,"column":27},"end":{"line":734,"column":28}},"loc":{"start":{"line":734,"column":53},"end":{"line":836,"column":1}},"line":734},"27":{"name":"(anonymous_27)","decl":{"start":{"line":839,"column":31},"end":{"line":839,"column":32}},"loc":{"start":{"line":839,"column":57},"end":{"line":889,"column":1}},"line":839},"28":{"name":"(anonymous_28)","decl":{"start":{"line":852,"column":48},"end":{"line":852,"column":49}},"loc":{"start":{"line":852,"column":56},"end":{"line":857,"column":13}},"line":852},"29":{"name":"(anonymous_29)","decl":{"start":{"line":892,"column":28},"end":{"line":892,"column":29}},"loc":{"start":{"line":892,"column":54},"end":{"line":912,"column":1}},"line":892}},"branchMap":{"0":{"loc":{"start":{"line":18,"column":4},"end":{"line":20,"column":5}},"type":"if","locations":[{"start":{"line":18,"column":4},"end":{"line":20,"column":5}},{"start":{},"end":{}}],"line":18},"1":{"loc":{"start":{"line":19,"column":36},"end":{"line":19,"column":70}},"type":"if","locations":[{"start":{"line":19,"column":36},"end":{"line":19,"column":70}},{"start":{},"end":{}}],"line":19},"2":{"loc":{"start":{"line":21,"column":4},"end":{"line":27,"column":5}},"type":"if","locations":[{"start":{"line":21,"column":4},"end":{"line":27,"column":5}},{"start":{"line":23,"column":11},"end":{"line":27,"column":5}}],"line":21},"3":{"loc":{"start":{"line":23,"column":11},"end":{"line":27,"column":5}},"type":"if","locations":[{"start":{"line":23,"column":11},"end":{"line":27,"column":5}},{"start":{},"end":{}}],"line":23},"4":{"loc":{"start":{"line":40,"column":48},"end":{"line":40,"column":55}},"type":"binary-expr","locations":[{"start":{"line":40,"column":48},"end":{"line":40,"column":51}},{"start":{"line":40,"column":53},"end":{"line":40,"column":55}}],"line":40},"5":{"loc":{"start":{"line":42,"column":13},"end":{"line":42,"column":76}},"type":"binary-expr","locations":[{"start":{"line":42,"column":14},"end":{"line":42,"column":26}},{"start":{"line":42,"column":30},"end":{"line":42,"column":45}},{"start":{"line":42,"column":49},"end":{"line":42,"column":70}},{"start":{"line":42,"column":75},"end":{"line":42,"column":76}}],"line":42},"6":{"loc":{"start":{"line":53,"column":38},"end":{"line":53,"column":46}},"type":"default-arg","locations":[{"start":{"line":53,"column":45},"end":{"line":53,"column":46}}],"line":53},"7":{"loc":{"start":{"line":53,"column":48},"end":{"line":53,"column":58}},"type":"default-arg","locations":[{"start":{"line":53,"column":56},"end":{"line":53,"column":58}}],"line":53},"8":{"loc":{"start":{"line":58,"column":4},"end":{"line":60,"column":5}},"type":"if","locations":[{"start":{"line":58,"column":4},"end":{"line":60,"column":5}},{"start":{},"end":{}}],"line":58},"9":{"loc":{"start":{"line":63,"column":4},"end":{"line":65,"column":5}},"type":"if","locations":[{"start":{"line":63,"column":4},"end":{"line":65,"column":5}},{"start":{},"end":{}}],"line":63},"10":{"loc":{"start":{"line":68,"column":4},"end":{"line":70,"column":5}},"type":"if","locations":[{"start":{"line":68,"column":4},"end":{"line":70,"column":5}},{"start":{},"end":{}}],"line":68},"11":{"loc":{"start":{"line":72,"column":4},"end":{"line":75,"column":5}},"type":"if","locations":[{"start":{"line":72,"column":4},"end":{"line":75,"column":5}},{"start":{},"end":{}}],"line":72},"12":{"loc":{"start":{"line":74,"column":6},"end":{"line":74,"column":41}},"type":"if","locations":[{"start":{"line":74,"column":6},"end":{"line":74,"column":41}},{"start":{},"end":{}}],"line":74},"13":{"loc":{"start":{"line":78,"column":4},"end":{"line":83,"column":5}},"type":"if","locations":[{"start":{"line":78,"column":4},"end":{"line":83,"column":5}},{"start":{},"end":{}}],"line":78},"14":{"loc":{"start":{"line":85,"column":4},"end":{"line":87,"column":5}},"type":"if","locations":[{"start":{"line":85,"column":4},"end":{"line":87,"column":5}},{"start":{},"end":{}}],"line":85},"15":{"loc":{"start":{"line":90,"column":4},"end":{"line":94,"column":5}},"type":"if","locations":[{"start":{"line":90,"column":4},"end":{"line":94,"column":5}},{"start":{},"end":{}}],"line":90},"16":{"loc":{"start":{"line":97,"column":4},"end":{"line":99,"column":5}},"type":"if","locations":[{"start":{"line":97,"column":4},"end":{"line":99,"column":5}},{"start":{},"end":{}}],"line":97},"17":{"loc":{"start":{"line":134,"column":2},"end":{"line":134,"column":47}},"type":"if","locations":[{"start":{"line":134,"column":2},"end":{"line":134,"column":47}},{"start":{},"end":{}}],"line":134},"18":{"loc":{"start":{"line":135,"column":2},"end":{"line":135,"column":86}},"type":"if","locations":[{"start":{"line":135,"column":2},"end":{"line":135,"column":86}},{"start":{},"end":{}}],"line":135},"19":{"loc":{"start":{"line":135,"column":6},"end":{"line":135,"column":44}},"type":"binary-expr","locations":[{"start":{"line":135,"column":6},"end":{"line":135,"column":10}},{"start":{"line":135,"column":14},"end":{"line":135,"column":44}}],"line":135},"20":{"loc":{"start":{"line":136,"column":2},"end":{"line":136,"column":88}},"type":"if","locations":[{"start":{"line":136,"column":2},"end":{"line":136,"column":88}},{"start":{},"end":{}}],"line":136},"21":{"loc":{"start":{"line":136,"column":6},"end":{"line":136,"column":32}},"type":"binary-expr","locations":[{"start":{"line":136,"column":6},"end":{"line":136,"column":11}},{"start":{"line":136,"column":15},"end":{"line":136,"column":32}}],"line":136},"22":{"loc":{"start":{"line":137,"column":2},"end":{"line":137,"column":78}},"type":"if","locations":[{"start":{"line":137,"column":2},"end":{"line":137,"column":78}},{"start":{},"end":{}}],"line":137},"23":{"loc":{"start":{"line":137,"column":6},"end":{"line":137,"column":28}},"type":"binary-expr","locations":[{"start":{"line":137,"column":6},"end":{"line":137,"column":14}},{"start":{"line":137,"column":18},"end":{"line":137,"column":28}}],"line":137},"24":{"loc":{"start":{"line":147,"column":4},"end":{"line":149,"column":5}},"type":"if","locations":[{"start":{"line":147,"column":4},"end":{"line":149,"column":5}},{"start":{},"end":{}}],"line":147},"25":{"loc":{"start":{"line":154,"column":15},"end":{"line":154,"column":35}},"type":"binary-expr","locations":[{"start":{"line":154,"column":15},"end":{"line":154,"column":22}},{"start":{"line":154,"column":26},"end":{"line":154,"column":35}}],"line":154},"26":{"loc":{"start":{"line":155,"column":17},"end":{"line":155,"column":39}},"type":"binary-expr","locations":[{"start":{"line":155,"column":17},"end":{"line":155,"column":26}},{"start":{"line":155,"column":30},"end":{"line":155,"column":39}}],"line":155},"27":{"loc":{"start":{"line":156,"column":16},"end":{"line":156,"column":37}},"type":"binary-expr","locations":[{"start":{"line":156,"column":16},"end":{"line":156,"column":24}},{"start":{"line":156,"column":28},"end":{"line":156,"column":37}}],"line":156},"28":{"loc":{"start":{"line":160,"column":14},"end":{"line":160,"column":44}},"type":"binary-expr","locations":[{"start":{"line":160,"column":14},"end":{"line":160,"column":23}},{"start":{"line":160,"column":27},"end":{"line":160,"column":44}}],"line":160},"29":{"loc":{"start":{"line":180,"column":4},"end":{"line":180,"column":93}},"type":"if","locations":[{"start":{"line":180,"column":4},"end":{"line":180,"column":93}},{"start":{},"end":{}}],"line":180},"30":{"loc":{"start":{"line":181,"column":4},"end":{"line":181,"column":95}},"type":"if","locations":[{"start":{"line":181,"column":4},"end":{"line":181,"column":95}},{"start":{},"end":{}}],"line":181},"31":{"loc":{"start":{"line":182,"column":22},"end":{"line":182,"column":77}},"type":"cond-expr","locations":[{"start":{"line":182,"column":64},"end":{"line":182,"column":68}},{"start":{"line":182,"column":71},"end":{"line":182,"column":77}}],"line":182},"32":{"loc":{"start":{"line":182,"column":23},"end":{"line":182,"column":60}},"type":"binary-expr","locations":[{"start":{"line":182,"column":23},"end":{"line":182,"column":27}},{"start":{"line":182,"column":31},"end":{"line":182,"column":60}}],"line":182},"33":{"loc":{"start":{"line":195,"column":16},"end":{"line":195,"column":37}},"type":"binary-expr","locations":[{"start":{"line":195,"column":16},"end":{"line":195,"column":24}},{"start":{"line":195,"column":28},"end":{"line":195,"column":37}}],"line":195},"34":{"loc":{"start":{"line":224,"column":4},"end":{"line":226,"column":5}},"type":"if","locations":[{"start":{"line":224,"column":4},"end":{"line":226,"column":5}},{"start":{},"end":{}}],"line":224},"35":{"loc":{"start":{"line":229,"column":4},"end":{"line":231,"column":5}},"type":"if","locations":[{"start":{"line":229,"column":4},"end":{"line":231,"column":5}},{"start":{},"end":{}}],"line":229},"36":{"loc":{"start":{"line":229,"column":8},"end":{"line":229,"column":85}},"type":"binary-expr","locations":[{"start":{"line":229,"column":8},"end":{"line":229,"column":35}},{"start":{"line":229,"column":39},"end":{"line":229,"column":85}}],"line":229},"37":{"loc":{"start":{"line":245,"column":4},"end":{"line":245,"column":83}},"type":"if","locations":[{"start":{"line":245,"column":4},"end":{"line":245,"column":83}},{"start":{},"end":{}}],"line":245},"38":{"loc":{"start":{"line":246,"column":4},"end":{"line":248,"column":5}},"type":"if","locations":[{"start":{"line":246,"column":4},"end":{"line":248,"column":5}},{"start":{},"end":{}}],"line":246},"39":{"loc":{"start":{"line":250,"column":4},"end":{"line":255,"column":5}},"type":"if","locations":[{"start":{"line":250,"column":4},"end":{"line":255,"column":5}},{"start":{},"end":{}}],"line":250},"40":{"loc":{"start":{"line":251,"column":6},"end":{"line":253,"column":7}},"type":"if","locations":[{"start":{"line":251,"column":6},"end":{"line":253,"column":7}},{"start":{},"end":{}}],"line":251},"41":{"loc":{"start":{"line":257,"column":4},"end":{"line":259,"column":5}},"type":"if","locations":[{"start":{"line":257,"column":4},"end":{"line":259,"column":5}},{"start":{},"end":{}}],"line":257},"42":{"loc":{"start":{"line":257,"column":8},"end":{"line":257,"column":80}},"type":"binary-expr","locations":[{"start":{"line":257,"column":8},"end":{"line":257,"column":29}},{"start":{"line":257,"column":33},"end":{"line":257,"column":56}},{"start":{"line":257,"column":60},"end":{"line":257,"column":67}},{"start":{"line":257,"column":71},"end":{"line":257,"column":80}}],"line":257},"43":{"loc":{"start":{"line":260,"column":4},"end":{"line":263,"column":5}},"type":"if","locations":[{"start":{"line":260,"column":4},"end":{"line":263,"column":5}},{"start":{},"end":{}}],"line":260},"44":{"loc":{"start":{"line":261,"column":22},"end":{"line":261,"column":42}},"type":"binary-expr","locations":[{"start":{"line":261,"column":22},"end":{"line":261,"column":29}},{"start":{"line":261,"column":33},"end":{"line":261,"column":42}}],"line":261},"45":{"loc":{"start":{"line":262,"column":6},"end":{"line":262,"column":47}},"type":"if","locations":[{"start":{"line":262,"column":6},"end":{"line":262,"column":47}},{"start":{},"end":{}}],"line":262},"46":{"loc":{"start":{"line":264,"column":4},"end":{"line":267,"column":5}},"type":"if","locations":[{"start":{"line":264,"column":4},"end":{"line":267,"column":5}},{"start":{},"end":{}}],"line":264},"47":{"loc":{"start":{"line":265,"column":24},"end":{"line":265,"column":46}},"type":"binary-expr","locations":[{"start":{"line":265,"column":24},"end":{"line":265,"column":33}},{"start":{"line":265,"column":37},"end":{"line":265,"column":46}}],"line":265},"48":{"loc":{"start":{"line":266,"column":6},"end":{"line":266,"column":47}},"type":"if","locations":[{"start":{"line":266,"column":6},"end":{"line":266,"column":47}},{"start":{},"end":{}}],"line":266},"49":{"loc":{"start":{"line":268,"column":4},"end":{"line":274,"column":5}},"type":"if","locations":[{"start":{"line":268,"column":4},"end":{"line":274,"column":5}},{"start":{},"end":{}}],"line":268},"50":{"loc":{"start":{"line":270,"column":6},"end":{"line":272,"column":7}},"type":"if","locations":[{"start":{"line":270,"column":6},"end":{"line":272,"column":7}},{"start":{},"end":{}}],"line":270},"51":{"loc":{"start":{"line":270,"column":10},"end":{"line":270,"column":54}},"type":"binary-expr","locations":[{"start":{"line":270,"column":10},"end":{"line":270,"column":32}},{"start":{"line":270,"column":36},"end":{"line":270,"column":43}},{"start":{"line":270,"column":47},"end":{"line":270,"column":54}}],"line":270},"52":{"loc":{"start":{"line":275,"column":4},"end":{"line":275,"column":81}},"type":"if","locations":[{"start":{"line":275,"column":4},"end":{"line":275,"column":81}},{"start":{},"end":{}}],"line":275},"53":{"loc":{"start":{"line":276,"column":4},"end":{"line":283,"column":5}},"type":"if","locations":[{"start":{"line":276,"column":4},"end":{"line":283,"column":5}},{"start":{},"end":{}}],"line":276},"54":{"loc":{"start":{"line":279,"column":6},"end":{"line":281,"column":7}},"type":"if","locations":[{"start":{"line":279,"column":6},"end":{"line":281,"column":7}},{"start":{},"end":{}}],"line":279},"55":{"loc":{"start":{"line":279,"column":10},"end":{"line":279,"column":54}},"type":"binary-expr","locations":[{"start":{"line":279,"column":10},"end":{"line":279,"column":21}},{"start":{"line":279,"column":25},"end":{"line":279,"column":54}}],"line":279},"56":{"loc":{"start":{"line":285,"column":4},"end":{"line":292,"column":5}},"type":"if","locations":[{"start":{"line":285,"column":4},"end":{"line":292,"column":5}},{"start":{},"end":{}}],"line":285},"57":{"loc":{"start":{"line":285,"column":8},"end":{"line":285,"column":32}},"type":"binary-expr","locations":[{"start":{"line":285,"column":8},"end":{"line":285,"column":12}},{"start":{"line":285,"column":16},"end":{"line":285,"column":32}}],"line":285},"58":{"loc":{"start":{"line":288,"column":14},"end":{"line":288,"column":42}},"type":"binary-expr","locations":[{"start":{"line":288,"column":14},"end":{"line":288,"column":23}},{"start":{"line":288,"column":27},"end":{"line":288,"column":42}}],"line":288},"59":{"loc":{"start":{"line":289,"column":14},"end":{"line":289,"column":42}},"type":"binary-expr","locations":[{"start":{"line":289,"column":14},"end":{"line":289,"column":23}},{"start":{"line":289,"column":27},"end":{"line":289,"column":42}}],"line":289},"60":{"loc":{"start":{"line":290,"column":15},"end":{"line":290,"column":45}},"type":"binary-expr","locations":[{"start":{"line":290,"column":15},"end":{"line":290,"column":25}},{"start":{"line":290,"column":29},"end":{"line":290,"column":45}}],"line":290},"61":{"loc":{"start":{"line":309,"column":4},"end":{"line":311,"column":5}},"type":"if","locations":[{"start":{"line":309,"column":4},"end":{"line":311,"column":5}},{"start":{},"end":{}}],"line":309},"62":{"loc":{"start":{"line":314,"column":4},"end":{"line":316,"column":5}},"type":"if","locations":[{"start":{"line":314,"column":4},"end":{"line":316,"column":5}},{"start":{},"end":{}}],"line":314},"63":{"loc":{"start":{"line":314,"column":8},"end":{"line":314,"column":81}},"type":"binary-expr","locations":[{"start":{"line":314,"column":8},"end":{"line":314,"column":35}},{"start":{"line":314,"column":39},"end":{"line":314,"column":81}}],"line":314},"64":{"loc":{"start":{"line":341,"column":18},"end":{"line":341,"column":103}},"type":"binary-expr","locations":[{"start":{"line":341,"column":18},"end":{"line":341,"column":29}},{"start":{"line":341,"column":34},"end":{"line":341,"column":59}},{"start":{"line":341,"column":63},"end":{"line":341,"column":102}}],"line":341},"65":{"loc":{"start":{"line":343,"column":4},"end":{"line":345,"column":5}},"type":"if","locations":[{"start":{"line":343,"column":4},"end":{"line":345,"column":5}},{"start":{},"end":{}}],"line":343},"66":{"loc":{"start":{"line":350,"column":6},"end":{"line":352,"column":7}},"type":"if","locations":[{"start":{"line":350,"column":6},"end":{"line":352,"column":7}},{"start":{},"end":{}}],"line":350},"67":{"loc":{"start":{"line":350,"column":10},"end":{"line":350,"column":65}},"type":"binary-expr","locations":[{"start":{"line":350,"column":10},"end":{"line":350,"column":39}},{"start":{"line":350,"column":43},"end":{"line":350,"column":65}}],"line":350},"68":{"loc":{"start":{"line":356,"column":6},"end":{"line":358,"column":7}},"type":"if","locations":[{"start":{"line":356,"column":6},"end":{"line":358,"column":7}},{"start":{},"end":{}}],"line":356},"69":{"loc":{"start":{"line":364,"column":36},"end":{"line":364,"column":72}},"type":"binary-expr","locations":[{"start":{"line":364,"column":36},"end":{"line":364,"column":51}},{"start":{"line":364,"column":55},"end":{"line":364,"column":72}}],"line":364},"70":{"loc":{"start":{"line":365,"column":6},"end":{"line":367,"column":7}},"type":"if","locations":[{"start":{"line":365,"column":6},"end":{"line":367,"column":7}},{"start":{},"end":{}}],"line":365},"71":{"loc":{"start":{"line":372,"column":6},"end":{"line":374,"column":7}},"type":"if","locations":[{"start":{"line":372,"column":6},"end":{"line":374,"column":7}},{"start":{},"end":{}}],"line":372},"72":{"loc":{"start":{"line":372,"column":10},"end":{"line":372,"column":82}},"type":"binary-expr","locations":[{"start":{"line":372,"column":10},"end":{"line":372,"column":44}},{"start":{"line":372,"column":48},"end":{"line":372,"column":82}}],"line":372},"73":{"loc":{"start":{"line":388,"column":18},"end":{"line":388,"column":103}},"type":"binary-expr","locations":[{"start":{"line":388,"column":18},"end":{"line":388,"column":29}},{"start":{"line":388,"column":34},"end":{"line":388,"column":59}},{"start":{"line":388,"column":63},"end":{"line":388,"column":102}}],"line":388},"74":{"loc":{"start":{"line":390,"column":4},"end":{"line":392,"column":5}},"type":"if","locations":[{"start":{"line":390,"column":4},"end":{"line":392,"column":5}},{"start":{},"end":{}}],"line":390},"75":{"loc":{"start":{"line":397,"column":6},"end":{"line":399,"column":7}},"type":"if","locations":[{"start":{"line":397,"column":6},"end":{"line":399,"column":7}},{"start":{},"end":{}}],"line":397},"76":{"loc":{"start":{"line":397,"column":10},"end":{"line":397,"column":65}},"type":"binary-expr","locations":[{"start":{"line":397,"column":10},"end":{"line":397,"column":39}},{"start":{"line":397,"column":43},"end":{"line":397,"column":65}}],"line":397},"77":{"loc":{"start":{"line":403,"column":6},"end":{"line":405,"column":7}},"type":"if","locations":[{"start":{"line":403,"column":6},"end":{"line":405,"column":7}},{"start":{},"end":{}}],"line":403},"78":{"loc":{"start":{"line":408,"column":36},"end":{"line":408,"column":72}},"type":"binary-expr","locations":[{"start":{"line":408,"column":36},"end":{"line":408,"column":51}},{"start":{"line":408,"column":55},"end":{"line":408,"column":72}}],"line":408},"79":{"loc":{"start":{"line":409,"column":6},"end":{"line":411,"column":7}},"type":"if","locations":[{"start":{"line":409,"column":6},"end":{"line":411,"column":7}},{"start":{},"end":{}}],"line":409},"80":{"loc":{"start":{"line":415,"column":6},"end":{"line":417,"column":7}},"type":"if","locations":[{"start":{"line":415,"column":6},"end":{"line":417,"column":7}},{"start":{},"end":{}}],"line":415},"81":{"loc":{"start":{"line":415,"column":10},"end":{"line":415,"column":82}},"type":"binary-expr","locations":[{"start":{"line":415,"column":10},"end":{"line":415,"column":44}},{"start":{"line":415,"column":48},"end":{"line":415,"column":82}}],"line":415},"82":{"loc":{"start":{"line":432,"column":4},"end":{"line":434,"column":5}},"type":"if","locations":[{"start":{"line":432,"column":4},"end":{"line":434,"column":5}},{"start":{},"end":{}}],"line":432},"83":{"loc":{"start":{"line":437,"column":4},"end":{"line":439,"column":5}},"type":"if","locations":[{"start":{"line":437,"column":4},"end":{"line":439,"column":5}},{"start":{},"end":{}}],"line":437},"84":{"loc":{"start":{"line":437,"column":8},"end":{"line":437,"column":81}},"type":"binary-expr","locations":[{"start":{"line":437,"column":8},"end":{"line":437,"column":35}},{"start":{"line":437,"column":39},"end":{"line":437,"column":81}}],"line":437},"85":{"loc":{"start":{"line":446,"column":4},"end":{"line":452,"column":5}},"type":"if","locations":[{"start":{"line":446,"column":4},"end":{"line":452,"column":5}},{"start":{},"end":{}}],"line":446},"86":{"loc":{"start":{"line":457,"column":20},"end":{"line":457,"column":50}},"type":"binary-expr","locations":[{"start":{"line":457,"column":20},"end":{"line":457,"column":44}},{"start":{"line":457,"column":48},"end":{"line":457,"column":50}}],"line":457},"87":{"loc":{"start":{"line":479,"column":4},"end":{"line":481,"column":5}},"type":"if","locations":[{"start":{"line":479,"column":4},"end":{"line":481,"column":5}},{"start":{},"end":{}}],"line":479},"88":{"loc":{"start":{"line":484,"column":4},"end":{"line":484,"column":83}},"type":"if","locations":[{"start":{"line":484,"column":4},"end":{"line":484,"column":83}},{"start":{},"end":{}}],"line":484},"89":{"loc":{"start":{"line":487,"column":4},"end":{"line":489,"column":5}},"type":"if","locations":[{"start":{"line":487,"column":4},"end":{"line":489,"column":5}},{"start":{},"end":{}}],"line":487},"90":{"loc":{"start":{"line":505,"column":6},"end":{"line":505,"column":81}},"type":"if","locations":[{"start":{"line":505,"column":6},"end":{"line":505,"column":81}},{"start":{},"end":{}}],"line":505},"91":{"loc":{"start":{"line":505,"column":10},"end":{"line":505,"column":50}},"type":"binary-expr","locations":[{"start":{"line":505,"column":10},"end":{"line":505,"column":36}},{"start":{"line":505,"column":40},"end":{"line":505,"column":50}}],"line":505},"92":{"loc":{"start":{"line":506,"column":6},"end":{"line":506,"column":93}},"type":"if","locations":[{"start":{"line":506,"column":6},"end":{"line":506,"column":93}},{"start":{},"end":{}}],"line":506},"93":{"loc":{"start":{"line":506,"column":10},"end":{"line":506,"column":57}},"type":"binary-expr","locations":[{"start":{"line":506,"column":10},"end":{"line":506,"column":33}},{"start":{"line":506,"column":37},"end":{"line":506,"column":57}}],"line":506},"94":{"loc":{"start":{"line":507,"column":6},"end":{"line":507,"column":103}},"type":"if","locations":[{"start":{"line":507,"column":6},"end":{"line":507,"column":103}},{"start":{},"end":{}}],"line":507},"95":{"loc":{"start":{"line":507,"column":10},"end":{"line":507,"column":66}},"type":"binary-expr","locations":[{"start":{"line":507,"column":10},"end":{"line":507,"column":39}},{"start":{"line":507,"column":43},"end":{"line":507,"column":66}}],"line":507},"96":{"loc":{"start":{"line":508,"column":6},"end":{"line":508,"column":78}},"type":"if","locations":[{"start":{"line":508,"column":6},"end":{"line":508,"column":78}},{"start":{},"end":{}}],"line":508},"97":{"loc":{"start":{"line":509,"column":6},"end":{"line":509,"column":97}},"type":"if","locations":[{"start":{"line":509,"column":6},"end":{"line":509,"column":97}},{"start":{},"end":{}}],"line":509},"98":{"loc":{"start":{"line":509,"column":10},"end":{"line":509,"column":62}},"type":"binary-expr","locations":[{"start":{"line":509,"column":10},"end":{"line":509,"column":37}},{"start":{"line":509,"column":41},"end":{"line":509,"column":62}}],"line":509},"99":{"loc":{"start":{"line":510,"column":6},"end":{"line":512,"column":7}},"type":"if","locations":[{"start":{"line":510,"column":6},"end":{"line":512,"column":7}},{"start":{},"end":{}}],"line":510},"100":{"loc":{"start":{"line":514,"column":33},"end":{"line":514,"column":70}},"type":"binary-expr","locations":[{"start":{"line":514,"column":33},"end":{"line":514,"column":56}},{"start":{"line":514,"column":60},"end":{"line":514,"column":70}}],"line":514},"101":{"loc":{"start":{"line":515,"column":6},"end":{"line":517,"column":7}},"type":"if","locations":[{"start":{"line":515,"column":6},"end":{"line":517,"column":7}},{"start":{},"end":{}}],"line":515},"102":{"loc":{"start":{"line":525,"column":22},"end":{"line":525,"column":136}},"type":"binary-expr","locations":[{"start":{"line":525,"column":22},"end":{"line":525,"column":42}},{"start":{"line":525,"column":46},"end":{"line":525,"column":66}},{"start":{"line":525,"column":70},"end":{"line":525,"column":90}},{"start":{"line":525,"column":94},"end":{"line":525,"column":114}},{"start":{"line":525,"column":118},"end":{"line":525,"column":125}},{"start":{"line":525,"column":129},"end":{"line":525,"column":136}}],"line":525},"103":{"loc":{"start":{"line":527,"column":6},"end":{"line":529,"column":7}},"type":"if","locations":[{"start":{"line":527,"column":6},"end":{"line":529,"column":7}},{"start":{},"end":{}}],"line":527},"104":{"loc":{"start":{"line":537,"column":14},"end":{"line":537,"column":63}},"type":"cond-expr","locations":[{"start":{"line":537,"column":23},"end":{"line":537,"column":51}},{"start":{"line":537,"column":54},"end":{"line":537,"column":63}}],"line":537},"105":{"loc":{"start":{"line":544,"column":4},"end":{"line":549,"column":5}},"type":"if","locations":[{"start":{"line":544,"column":4},"end":{"line":549,"column":5}},{"start":{"line":546,"column":11},"end":{"line":549,"column":5}}],"line":544},"106":{"loc":{"start":{"line":578,"column":4},"end":{"line":580,"column":5}},"type":"if","locations":[{"start":{"line":578,"column":4},"end":{"line":580,"column":5}},{"start":{},"end":{}}],"line":578},"107":{"loc":{"start":{"line":585,"column":4},"end":{"line":592,"column":5}},"type":"if","locations":[{"start":{"line":585,"column":4},"end":{"line":592,"column":5}},{"start":{},"end":{}}],"line":585},"108":{"loc":{"start":{"line":593,"column":4},"end":{"line":595,"column":5}},"type":"if","locations":[{"start":{"line":593,"column":4},"end":{"line":595,"column":5}},{"start":{},"end":{}}],"line":593},"109":{"loc":{"start":{"line":596,"column":4},"end":{"line":598,"column":5}},"type":"if","locations":[{"start":{"line":596,"column":4},"end":{"line":598,"column":5}},{"start":{},"end":{}}],"line":596},"110":{"loc":{"start":{"line":599,"column":4},"end":{"line":601,"column":5}},"type":"if","locations":[{"start":{"line":599,"column":4},"end":{"line":601,"column":5}},{"start":{},"end":{}}],"line":599},"111":{"loc":{"start":{"line":602,"column":4},"end":{"line":604,"column":5}},"type":"if","locations":[{"start":{"line":602,"column":4},"end":{"line":604,"column":5}},{"start":{},"end":{}}],"line":602},"112":{"loc":{"start":{"line":607,"column":4},"end":{"line":619,"column":5}},"type":"if","locations":[{"start":{"line":607,"column":4},"end":{"line":619,"column":5}},{"start":{"line":617,"column":11},"end":{"line":619,"column":5}}],"line":607
[...]
lumn":64}},{"start":{"line":208,"column":68},"end":{"line":208,"column":81}}],"line":208},"63":{"loc":{"start":{"line":208,"column":68},"end":{"line":208,"column":81}},"type":"binary-expr","locations":[{"start":{"line":208,"column":68},"end":{"line":208,"column":76}},{"start":{"line":208,"column":80},"end":{"line":208,"column":81}}],"line":208}},"s":{"0":5,"1":3,"2":3,"3":0,"4":0,"5":0,"6":5,"7":6,"8":6,"9":0,"10":6,"11":2,"12":2,"13":2,"14":4,"15":0,"16":0,"17":0,"18":4,"19":4,"20":4,"21":0,"22":0,"23":4,"24":4,"25":4,"26":4,"27":4,"28":0,"29":5,"30":3,"31":3,"32":3,"33":2,"34":2,"35":2,"36":2,"37":2,"38":2,"39":2,"40":2,"41":2,"42":2,"43":2,"44":2,"45":1,"46":1,"47":1,"48":1,"49":1,"50":1,"51":1,"52":3,"53":3,"54":3,"55":3,"56":3,"57":3,"58":3,"59":3,"60":3,"61":3,"62":3,"63":3,"64":3,"65":3,"66":3,"67":0,"68":3,"69":3,"70":3,"71":3,"72":3,"73":3,"74":3,"75":3,"76":26,"77":26,"78":26,"79":26,"80":62,"81":62,"82":62,"83":0,"84":0,"85":0,"86":62,"87":26,"88":26,"89":3,"90":15,"91":15,"92":3,"93":3,"94":3,"95":3,"96":3,"97":3,"98":3,"99":3,"100":0,"101":0,"102":3,"103":3,"104":3,"105":3,"106":3,"107":3,"108":3,"109":3,"110":3,"111":3,"112":3,"113":3,"114":0,"115":0,"116":3,"117":3,"118":3,"119":3,"120":0,"121":0,"122":3,"123":3,"124":1,"125":1,"126":2,"127":2,"128":1,"129":1,"130":5,"131":1,"132":1,"133":1,"134":3,"135":3,"136":3,"137":3,"138":3,"139":3,"140":0,"141":0},"f":{"0":3,"1":0,"2":0,"3":6,"4":0,"5":3,"6":2,"7":2,"8":3,"9":3,"10":3,"11":3,"12":26,"13":15,"14":3,"15":2,"16":5,"17":3},"b":{"0":[3,0],"1":[0,6],"2":[2,4],"3":[2,0],"4":[2,2],"5":[2,2],"6":[0,4],"7":[0,0],"8":[0,0],"9":[0,0],"10":[4,0],"11":[0,4],"12":[2,1],"13":[3,3],"14":[2,0],"15":[2,0],"16":[2,0],"17":[2,0],"18":[0,2],"19":[2,0],"20":[2,0],"21":[2,2],"22":[2,2],"23":[1,0],"24":[3,0],"25":[3,3],"26":[3,0],"27":[0,3],"28":[3,0],"29":[26],"30":[0],"31":[20],"32":[20],"33":[23],"34":[26],"35":[23],"36":[0,62],"37":[3],"38":[3,0],"39":[3,0],"40":[3,3],"41":[0,3],"42":[3,0],"43":[3,0],"44":[3,0],"45":[0,3],"46":[0,3],"47":[1,2],"48":[3,2],"49":[1,0],"50":[1,1],"51":[2,1],"52":[1,0],"53":[1,0],"54":[1,0],"55":[1,0],"56":[1,0],"57":[1,0],"58":[1,1],"59":[1,0],"60":[1,0],"61":[1,0],"62":[3,0],"63":[0,0]},"_coverageSchema":"1a1c01bbd47fc00a2c39e90264f33305004495a9","hash":"4e69819b1debd920e75769ad74b5a5bf7b04372f"}
,"/workspaces/Site-Professor-Yago/api/services/scoringService.js": {"path":"/workspaces/Site-Professor-Yago/api/services/scoringService.js","statementMap":{"0":{"start":{"line":11,"column":22},"end":{"line":11,"column":56}},"1":{"start":{"line":13,"column":21},"end":{"line":13,"column":42}},"2":{"start":{"line":16,"column":16},"end":{"line":16,"column":38}},"3":{"start":{"line":17,"column":2},"end":{"line":20,"column":3}},"4":{"start":{"line":18,"column":4},"end":{"line":18,"column":97}},"5":{"start":{"line":18,"column":39},"end":{"line":18,"column":97}},"6":{"start":{"line":19,"column":4},"end":{"line":19,"column":85}},"7":{"start":{"line":19,"column":35},"end":{"line":19,"column":85}},"8":{"start":{"line":21,"column":2},"end":{"line":21,"column":15}},"9":{"start":{"line":25,"column":33},"end":{"line":25,"column":60}},"10":{"start":{"line":26,"column":19},"end":{"line":26,"column":41}},"11":{"start":{"line":27,"column":2},"end":{"line":27,"column":42}},"12":{"start":{"line":31,"column":2},"end":{"line":31,"column":73}},"13":{"start":{"line":31,"column":39},"end":{"line":31,"column":73}},"14":{"start":{"line":32,"column":2},"end":{"line":32,"column":73}},"15":{"start":{"line":32,"column":39},"end":{"line":32,"column":73}},"16":{"start":{"line":33,"column":2},"end":{"line":33,"column":15}},"17":{"start":{"line":34,"column":2},"end":{"line":34,"column":22}},"18":{"start":{"line":34,"column":15},"end":{"line":34,"column":22}},"19":{"start":{"line":35,"column":2},"end":{"line":35,"column":66}},"20":{"start":{"line":35,"column":24},"end":{"line":35,"column":66}},"21":{"start":{"line":36,"column":19},"end":{"line":36,"column":50}},"22":{"start":{"line":37,"column":2},"end":{"line":37,"column":34}},"23":{"start":{"line":41,"column":2},"end":{"line":41,"column":73}},"24":{"start":{"line":41,"column":55},"end":{"line":41,"column":73}},"25":{"start":{"line":43,"column":14},"end":{"line":43,"column":54}},"26":{"start":{"line":44,"column":2},"end":{"line":44,"column":21}},"27":{"start":{"line":44,"column":12},"end":{"line":44,"column":21}},"28":{"start":{"line":45,"column":2},"end":{"line":45,"column":77}},"29":{"start":{"line":45,"column":44},"end":{"line":45,"column":68}},"30":{"start":{"line":49,"column":2},"end":{"line":52,"column":3}},"31":{"start":{"line":50,"column":4},"end":{"line":50,"column":44}},"32":{"start":{"line":51,"column":4},"end":{"line":51,"column":11}},"33":{"start":{"line":53,"column":2},"end":{"line":56,"column":3}},"34":{"start":{"line":54,"column":4},"end":{"line":54,"column":36}},"35":{"start":{"line":55,"column":4},"end":{"line":55,"column":11}},"36":{"start":{"line":57,"column":2},"end":{"line":64,"column":3}},"37":{"start":{"line":58,"column":4},"end":{"line":58,"column":89}},"38":{"start":{"line":59,"column":9},"end":{"line":64,"column":3}},"39":{"start":{"line":60,"column":16},"end":{"line":60,"column":61}},"40":{"start":{"line":61,"column":4},"end":{"line":61,"column":57}},"41":{"start":{"line":63,"column":4},"end":{"line":63,"column":44}},"42":{"start":{"line":68,"column":30},"end":{"line":68,"column":37}},"43":{"start":{"line":69,"column":2},"end":{"line":71,"column":3}},"44":{"start":{"line":70,"column":4},"end":{"line":70,"column":71}},"45":{"start":{"line":73,"column":2},"end":{"line":92,"column":3}},"46":{"start":{"line":74,"column":4},"end":{"line":76,"column":5}},"47":{"start":{"line":75,"column":6},"end":{"line":75,"column":62}},"48":{"start":{"line":77,"column":4},"end":{"line":77,"column":78}},"49":{"start":{"line":79,"column":4},"end":{"line":83,"column":5}},"50":{"start":{"line":80,"column":6},"end":{"line":80,"column":50}},"51":{"start":{"line":81,"column":11},"end":{"line":83,"column":5}},"52":{"start":{"line":82,"column":6},"end":{"line":82,"column":48}},"53":{"start":{"line":85,"column":4},"end":{"line":85,"column":53}},"54":{"start":{"line":86,"column":4},"end":{"line":91,"column":5}},"55":{"start":{"line":87,"column":6},"end":{"line":87,"column":42}},"56":{"start":{"line":88,"column":11},"end":{"line":91,"column":5}},"57":{"start":{"line":89,"column":21},"end":{"line":89,"column":72}},"58":{"start":{"line":90,"column":6},"end":{"line":90,"column":79}},"59":{"start":{"line":94,"column":2},"end":{"line":94,"column":30}},"60":{"start":{"line":97,"column":0},"end":{"line":100,"column":2}}},"fnMap":{"0":{"name":"validateEnemPayload","decl":{"start":{"line":15,"column":9},"end":{"line":15,"column":28}},"loc":{"start":{"line":15,"column":53},"end":{"line":22,"column":1}},"line":15},"1":{"name":"calculateEnem","decl":{"start":{"line":24,"column":9},"end":{"line":24,"column":22}},"loc":{"start":{"line":24,"column":31},"end":{"line":28,"column":1}},"line":24},"2":{"name":"calculatePas","decl":{"start":{"line":30,"column":9},"end":{"line":30,"column":21}},"loc":{"start":{"line":30,"column":38},"end":{"line":38,"column":1}},"line":30},"3":{"name":"maybeAutoCountPasErrors","decl":{"start":{"line":40,"column":15},"end":{"line":40,"column":38}},"loc":{"start":{"line":40,"column":60},"end":{"line":46,"column":1}},"line":40},"4":{"name":"(anonymous_4)","decl":{"start":{"line":45,"column":39},"end":{"line":45,"column":40}},"loc":{"start":{"line":45,"column":44},"end":{"line":45,"column":68}},"line":45},"5":{"name":"computeBimesterScore","decl":{"start":{"line":48,"column":9},"end":{"line":48,"column":29}},"loc":{"start":{"line":48,"column":37},"end":{"line":65,"column":1}},"line":48},"6":{"name":"applyScoring","decl":{"start":{"line":67,"column":15},"end":{"line":67,"column":27}},"loc":{"start":{"line":67,"column":48},"end":{"line":95,"column":1}},"line":67}},"branchMap":{"0":{"loc":{"start":{"line":18,"column":4},"end":{"line":18,"column":97}},"type":"if","locations":[{"start":{"line":18,"column":4},"end":{"line":18,"column":97}},{"start":{},"end":{}}],"line":18},"1":{"loc":{"start":{"line":18,"column":8},"end":{"line":18,"column":37}},"type":"binary-expr","locations":[{"start":{"line":18,"column":8},"end":{"line":18,"column":23}},{"start":{"line":18,"column":27},"end":{"line":18,"column":37}}],"line":18},"2":{"loc":{"start":{"line":19,"column":4},"end":{"line":19,"column":85}},"type":"if","locations":[{"start":{"line":19,"column":4},"end":{"line":19,"column":85}},{"start":{},"end":{}}],"line":19},"3":{"loc":{"start":{"line":31,"column":2},"end":{"line":31,"column":73}},"type":"if","locations":[{"start":{"line":31,"column":2},"end":{"line":31,"column":73}},{"start":{},"end":{}}],"line":31},"4":{"loc":{"start":{"line":31,"column":6},"end":{"line":31,"column":37}},"type":"binary-expr","locations":[{"start":{"line":31,"column":6},"end":{"line":31,"column":22}},{"start":{"line":31,"column":26},"end":{"line":31,"column":37}}],"line":31},"5":{"loc":{"start":{"line":32,"column":2},"end":{"line":32,"column":73}},"type":"if","locations":[{"start":{"line":32,"column":2},"end":{"line":32,"column":73}},{"start":{},"end":{}}],"line":32},"6":{"loc":{"start":{"line":32,"column":6},"end":{"line":32,"column":37}},"type":"binary-expr","locations":[{"start":{"line":32,"column":6},"end":{"line":32,"column":22}},{"start":{"line":32,"column":26},"end":{"line":32,"column":37}}],"line":32},"7":{"loc":{"start":{"line":33,"column":7},"end":{"line":33,"column":14}},"type":"binary-expr","locations":[{"start":{"line":33,"column":7},"end":{"line":33,"column":9}},{"start":{"line":33,"column":13},"end":{"line":33,"column":14}}],"line":33},"8":{"loc":{"start":{"line":34,"column":2},"end":{"line":34,"column":22}},"type":"if","locations":[{"start":{"line":34,"column":2},"end":{"line":34,"column":22}},{"start":{},"end":{}}],"line":34},"9":{"loc":{"start":{"line":35,"column":2},"end":{"line":35,"column":66}},"type":"if","locations":[{"start":{"line":35,"column":2},"end":{"line":35,"column":66}},{"start":{},"end":{}}],"line":35},"10":{"loc":{"start":{"line":35,"column":6},"end":{"line":35,"column":22}},"type":"binary-expr","locations":[{"start":{"line":35,"column":6},"end":{"line":35,"column":12}},{"start":{"line":35,"column":16},"end":{"line":35,"column":22}}],"line":35},"11":{"loc":{"start":{"line":41,"column":2},"end":{"line":41,"column":73}},"type":"if","locations":[{"start":{"line":41,"column":2},"end":{"line":41,"column":73}},{"start":{},"end":{}}],"line":41},"12":{"loc":{"start":{"line":41,"column":6},"end":{"line":41,"column":53}},"type":"binary-expr","locations":[{"start":{"line":41,"column":6},"end":{"line":41,"column":30}},{"start":{"line":41,"column":34},"end":{"line":41,"column":53}}],"line":41},"13":{"loc":{"start":{"line":44,"column":2},"end":{"line":44,"column":21}},"type":"if","locations":[{"start":{"line":44,"column":2},"end":{"line":44,"column":21}},{"start":{},"end":{}}],"line":44},"14":{"loc":{"start":{"line":45,"column":10},"end":{"line":45,"column":30}},"type":"binary-expr","locations":[{"start":{"line":45,"column":10},"end":{"line":45,"column":24}},{"start":{"line":45,"column":28},"end":{"line":45,"column":30}}],"line":45},"15":{"loc":{"start":{"line":49,"column":2},"end":{"line":52,"column":3}},"type":"if","locations":[{"start":{"line":49,"column":2},"end":{"line":52,"column":3}},{"start":{},"end":{}}],"line":49},"16":{"loc":{"start":{"line":53,"column":2},"end":{"line":56,"column":3}},"type":"if","locations":[{"start":{"line":53,"column":2},"end":{"line":56,"column":3}},{"start":{},"end":{}}],"line":53},"17":{"loc":{"start":{"line":53,"column":6},"end":{"line":53,"column":47}},"type":"binary-expr","locations":[{"start":{"line":53,"column":6},"end":{"line":53,"column":21}},{"start":{"line":53,"column":25},"end":{"line":53,"column":47}}],"line":53},"18":{"loc":{"start":{"line":57,"column":2},"end":{"line":64,"column":3}},"type":"if","locations":[{"start":{"line":57,"column":2},"end":{"line":64,"column":3}},{"start":{"line":59,"column":9},"end":{"line":64,"column":3}}],"line":57},"19":{"loc":{"start":{"line":57,"column":6},"end":{"line":57,"column":84}},"type":"binary-expr","locations":[{"start":{"line":57,"column":6},"end":{"line":57,"column":27}},{"start":{"line":57,"column":31},"end":{"line":57,"column":41}},{"start":{"line":57,"column":45},"end":{"line":57,"column":84}}],"line":57},"20":{"loc":{"start":{"line":59,"column":9},"end":{"line":64,"column":3}},"type":"if","locations":[{"start":{"line":59,"column":9},"end":{"line":64,"column":3}},{"start":{"line":62,"column":9},"end":{"line":64,"column":3}}],"line":59},"21":{"loc":{"start":{"line":59,"column":13},"end":{"line":59,"column":88}},"type":"binary-expr","locations":[{"start":{"line":59,"column":13},"end":{"line":59,"column":33}},{"start":{"line":59,"column":37},"end":{"line":59,"column":46}},{"start":{"line":59,"column":50},"end":{"line":59,"column":88}}],"line":59},"22":{"loc":{"start":{"line":69,"column":2},"end":{"line":71,"column":3}},"type":"if","locations":[{"start":{"line":69,"column":2},"end":{"line":71,"column":3}},{"start":{},"end":{}}],"line":69},"23":{"loc":{"start":{"line":69,"column":6},"end":{"line":69,"column":33}},"type":"binary-expr","locations":[{"start":{"line":69,"column":6},"end":{"line":69,"column":10}},{"start":{"line":69,"column":14},"end":{"line":69,"column":33}}],"line":69},"24":{"loc":{"start":{"line":73,"column":2},"end":{"line":92,"column":3}},"type":"if","locations":[{"start":{"line":73,"column":2},"end":{"line":92,"column":3}},{"start":{"line":84,"column":9},"end":{"line":92,"column":3}}],"line":73},"25":{"loc":{"start":{"line":73,"column":6},"end":{"line":73,"column":35}},"type":"binary-expr","locations":[{"start":{"line":73,"column":6},"end":{"line":73,"column":15}},{"start":{"line":73,"column":19},"end":{"line":73,"column":35}}],"line":73},"26":{"loc":{"start":{"line":74,"column":4},"end":{"line":76,"column":5}},"type":"if","locations":[{"start":{"line":74,"column":4},"end":{"line":76,"column":5}},{"start":{},"end":{}}],"line":74},"27":{"loc":{"start":{"line":74,"column":8},"end":{"line":74,"column":97}},"type":"binary-expr","locations":[{"start":{"line":74,"column":8},"end":{"line":74,"column":26}},{"start":{"line":74,"column":30},"end":{"line":74,"column":63}},{"start":{"line":74,"column":67},"end":{"line":74,"column":97}}],"line":74},"28":{"loc":{"start":{"line":79,"column":4},"end":{"line":83,"column":5}},"type":"if","locations":[{"start":{"line":79,"column":4},"end":{"line":83,"column":5}},{"start":{"line":81,"column":11},"end":{"line":83,"column":5}}],"line":79},"29":{"loc":{"start":{"line":81,"column":11},"end":{"line":83,"column":5}},"type":"if","locations":[{"start":{"line":81,"column":11},"end":{"line":83,"column":5}},{"start":{},"end":{}}],"line":81},"30":{"loc":{"start":{"line":86,"column":4},"end":{"line":91,"column":5}},"type":"if","locations":[{"start":{"line":86,"column":4},"end":{"line":91,"column":5}},{"start":{"line":88,"column":11},"end":{"line":91,"column":5}}],"line":86},"31":{"loc":{"start":{"line":88,"column":11},"end":{"line":91,"column":5}},"type":"if","locations":[{"start":{"line":88,"column":11},"end":{"line":91,"column":5}},{"start":{},"end":{}}],"line":88}},"s":{"0":6,"1":6,"2":8,"3":8,"4":36,"5":0,"6":36,"7":1,"8":7,"9":8,"10":7,"11":7,"12":4,"13":0,"14":4,"15":0,"16":4,"17":4,"18":0,"19":4,"20":0,"21":4,"22":4,"23":4,"24":2,"25":2,"26":2,"27":1,"28":1,"29":3,"30":18,"31":7,"32":7,"33":11,"34":3,"35":3,"36":8,"37":3,"38":5,"39":5,"40":5,"41":0,"42":15,"43":15,"44":0,"45":15,"46":3,"47":0,"48":3,"49":3,"50":2,"51":1,"52":1,"53":12,"54":12,"55":8,"56":4,"57":4,"58":4,"59":14,"60":6},"f":{"0":8,"1":8,"2":4,"3":4,"4":3,"5":18,"6":15},"b":{"0":[0,36],"1":[36,36],"2":[1,35],"3":[0,4],"4":[4,4],"5":[0,4],"6":[4,4],"7":[4,0],"8":[0,4],"9":[0,4],"10":[4,4],"11":[2,2],"12":[4,2],"13":[1,1],"14":[1,0],"15":[7,11],"16":[3,8],"17":[11,11],"18":[3,5],"19":[8,3,3],"20":[5,0],"21":[5,5,5],"22":[0,15],"23":[15,15],"24":[3,12],"25":[15,3],"26":[0,3],"27":[3,3,3],"28":[2,1],"29":[1,0],"30":[8,4],"31":[4,0]},"_coverageSchema":"1a1c01bbd47fc00a2c39e90264f33305004495a9","hash":"56a901e06eb72fceb2ccbe1f64074c96cd492d94"}
,"/workspaces/Site-Professor-Yago/api/services/statusService.js": {"path":"/workspaces/Site-Professor-Yago/api/services/statusService.js","statementMap":{"0":{"start":{"line":6,"column":16},"end":{"line":11,"column":2}},"1":{"start":{"line":14,"column":2},"end":{"line":14,"column":40}},"2":{"start":{"line":14,"column":27},"end":{"line":14,"column":40}},"3":{"start":{"line":15,"column":2},"end":{"line":15,"column":38}},"4":{"start":{"line":15,"column":26},"end":{"line":15,"column":38}},"5":{"start":{"line":16,"column":2},"end":{"line":16,"column":51}},"6":{"start":{"line":20,"column":2},"end":{"line":20,"column":67}},"7":{"start":{"line":20,"column":14},"end":{"line":20,"column":67}},"8":{"start":{"line":21,"column":2},"end":{"line":21,"column":56}},"9":{"start":{"line":21,"column":15},"end":{"line":21,"column":56}},"10":{"start":{"line":22,"column":2},"end":{"line":22,"column":51}},"11":{"start":{"line":22,"column":31},"end":{"line":22,"column":51}},"12":{"start":{"line":23,"column":2},"end":{"line":25,"column":3}},"13":{"start":{"line":24,"column":4},"end":{"line":24,"column":82}},"14":{"start":{"line":26,"column":2},"end":{"line":26,"column":24}},"15":{"start":{"line":27,"column":2},"end":{"line":27,"column":31}},"16":{"start":{"line":28,"column":2},"end":{"line":28,"column":22}},"17":{"start":{"line":31,"column":0},"end":{"line":35,"column":2}}},"fnMap":{"0":{"name":"canTransition","decl":{"start":{"line":13,"column":9},"end":{"line":13,"column":22}},"loc":{"start":{"line":13,"column":40},"end":{"line":17,"column":1}},"line":13},"1":{"name":"assertTransition","decl":{"start":{"line":19,"column":9},"end":{"line":19,"column":25}},"loc":{"start":{"line":19,"column":41},"end":{"line":29,"column":1}},"line":19}},"branchMap":{"0":{"loc":{"start":{"line":14,"column":2},"end":{"line":14,"column":40}},"type":"if","locations":[{"start":{"line":14,"column":2},"end":{"line":14,"column":40}},{"start":{},"end":{}}],"line":14},"1":{"loc":{"start":{"line":14,"column":6},"end":{"line":14,"column":25}},"type":"binary-expr","locations":[{"start":{"line":14,"column":6},"end":{"line":14,"column":14}},{"start":{"line":14,"column":18},"end":{"line":14,"column":25}}],"line":14},"2":{"loc":{"start":{"line":15,"column":2},"end":{"line":15,"column":38}},"type":"if","locations":[{"start":{"line":15,"column":2},"end":{"line":15,"column":38}},{"start":{},"end":{}}],"line":15},"3":{"loc":{"start":{"line":16,"column":10},"end":{"line":16,"column":32}},"type":"binary-expr","locations":[{"start":{"line":16,"column":10},"end":{"line":16,"column":26}},{"start":{"line":16,"column":30},"end":{"line":16,"column":32}}],"line":16},"4":{"loc":{"start":{"line":20,"column":2},"end":{"line":20,"column":67}},"type":"if","locations":[{"start":{"line":20,"column":2},"end":{"line":20,"column":67}},{"start":{},"end":{}}],"line":20},"5":{"loc":{"start":{"line":21,"column":2},"end":{"line":21,"column":56}},"type":"if","locations":[{"start":{"line":21,"column":2},"end":{"line":21,"column":56}},{"start":{},"end":{}}],"line":21},"6":{"loc":{"start":{"line":22,"column":2},"end":{"line":22,"column":51}},"type":"if","locations":[{"start":{"line":22,"column":2},"end":{"line":22,"column":51}},{"start":{},"end":{}}],"line":22},"7":{"loc":{"start":{"line":23,"column":2},"end":{"line":25,"column":3}},"type":"if","locations":[{"start":{"line":23,"column":2},"end":{"line":25,"column":3}},{"start":{},"end":{}}],"line":23}},"s":{"0":6,"1":22,"2":0,"3":22,"4":1,"5":21,"6":18,"7":1,"8":17,"9":1,"10":16,"11":1,"12":15,"13":1,"14":14,"15":14,"16":14,"17":6},"f":{"0":22,"1":18},"b":{"0":[0,22],"1":[22,22],"2":[1,21],"3":[21,0],"4":[1,17],"5":[1,16],"6":[1,15],"7":[1,14]},"_coverageSchema":"1a1c01bbd47fc00a2c39e90264f33305004495a9","hash":"2b5d1e122ee4fbc66625a16ec47203635ea191f5"}
}
