TN:
SF:controllers/authController.js
FN:9,(anonymous_0)
FN:74,(anonymous_1)
FN:139,(anonymous_2)
FN:156,(anonymous_3)
FN:177,(anonymous_4)
FN:199,(anonymous_5)
FNF:6
FNH:0
FNDA:0,(anonymous_0)
FNDA:0,(anonymous_1)
FNDA:0,(anonymous_2)
FNDA:0,(anonymous_3)
FNDA:0,(anonymous_4)
FNDA:0,(anonymous_5)
DA:1,10
DA:2,10
DA:3,10
DA:4,10
DA:5,10
DA:6,10
DA:9,10
DA:10,0
DA:11,0
DA:12,0
DA:15,0
DA:16,0
DA:20,0
DA:21,0
DA:23,0
DA:24,0
DA:28,0
DA:29,0
DA:30,0
DA:32,0
DA:33,0
DA:35,0
DA:37,0
DA:38,0
DA:42,0
DA:48,0
DA:49,0
DA:52,0
DA:53,0
DA:54,0
DA:57,0
DA:68,0
DA:69,0
DA:74,10
DA:75,0
DA:76,0
DA:77,0
DA:80,0
DA:81,0
DA:85,0
DA:86,0
DA:88,0
DA:89,0
DA:93,0
DA:94,0
DA:95,0
DA:97,0
DA:98,0
DA:100,0
DA:102,0
DA:103,0
DA:107,0
DA:113,0
DA:114,0
DA:117,0
DA:118,0
DA:119,0
DA:122,0
DA:133,0
DA:134,0
DA:139,10
DA:140,0
DA:141,0
DA:143,0
DA:145,0
DA:146,0
DA:149,0
DA:151,0
DA:156,10
DA:157,0
DA:158,0
DA:161,0
DA:162,0
DA:167,0
DA:168,0
DA:170,0
DA:172,0
DA:177,10
DA:178,0
DA:179,0
DA:180,0
DA:181,0
DA:182,0
DA:184,0
DA:199,10
DA:200,0
DA:201,0
DA:202,0
DA:203,0
DA:204,0
DA:206,0
DA:207,0
DA:208,0
DA:209,0
DA:210,0
DA:212,0
DA:213,0
DA:214,0
DA:216,0
DA:218,0
DA:219,0
DA:220,0
DA:221,0
DA:223,0
DA:224,0
DA:226,0
LF:106
LH:12
BRDA:15,0,0,0
BRDA:15,0,1,0
BRDA:15,1,0,0
BRDA:15,1,1,0
BRDA:23,2,0,0
BRDA:23,2,1,0
BRDA:37,3,0,0
BRDA:37,3,1,0
BRDA:80,4,0,0
BRDA:80,4,1,0
BRDA:80,5,0,0
BRDA:80,5,1,0
BRDA:88,6,0,0
BRDA:88,6,1,0
BRDA:102,7,0,0
BRDA:102,7,1,0
BRDA:145,8,0,0
BRDA:145,8,1,0
BRDA:181,9,0,0
BRDA:181,9,1,0
BRDA:186,10,0,0
BRDA:186,10,1,0
BRDA:201,11,0,0
BRDA:201,11,1,0
BRDA:203,12,0,0
BRDA:203,12,1,0
BRDA:203,13,0,0
BRDA:203,13,1,0
BRDA:209,14,0,0
BRDA:209,14,1,0
BRDA:220,15,0,0
BRDA:220,15,1,0
BRF:32
BRH:0
end_of_record
TN:
SF:controllers/classesController.js
FN:7,(anonymous_0)
FN:19,(anonymous_1)
FN:40,(anonymous_2)
FN:67,(anonymous_3)
FNF:4
FNH:0
FNDA:0,(anonymous_0)
FNDA:0,(anonymous_1)
FNDA:0,(anonymous_2)
FNDA:0,(anonymous_3)
DA:1,10
DA:2,10
DA:7,10
DA:8,0
DA:9,0
DA:10,0
DA:12,0
DA:19,10
DA:20,0
DA:21,0
DA:22,0
DA:24,0
DA:31,0
DA:33,0
DA:40,10
DA:41,0
DA:42,0
DA:44,0
DA:45,0
DA:49,0
DA:50,0
DA:53,0
DA:58,0
DA:60,0
DA:67,10
DA:68,0
DA:69,0
DA:71,0
DA:72,0
DA:75,0
DA:76,0
DA:80,0
DA:81,0
DA:82,0
DA:85,0
DA:87,0
DA:89,0
LF:37
LH:6
BRDA:44,0,0,0
BRDA:44,0,1,0
BRDA:49,1,0,0
BRDA:49,1,1,0
BRDA:71,2,0,0
BRDA:71,2,1,0
BRDA:75,3,0,0
BRDA:75,3,1,0
BRDA:81,4,0,0
BRDA:81,4,1,0
BRF:10
BRH:0
end_of_record
TN:
SF:controllers/essaysController.js
FN:11,(anonymous_0)
FN:11,(anonymous_1)
FN:14,(anonymous_2)
FN:26,(anonymous_3)
FN:40,(anonymous_4)
FN:40,(anonymous_5)
FN:51,(anonymous_6)
FN:82,(anonymous_7)
FN:132,validateCreationPayload
FN:142,(anonymous_9)
FN:175,(anonymous_10)
FN:215,(anonymous_11)
FN:240,(anonymous_12)
FN:303,(anonymous_13)
FN:336,(anonymous_14)
FN:383,(anonymous_15)
FN:426,(anonymous_16)
FN:457,(anonymous_17)
FN:474,(anonymous_18)
FN:520,(anonymous_19)
FN:525,(anonymous_20)
FN:554,(anonymous_21)
FN:571,(anonymous_22)
FN:586,(anonymous_23)
FN:632,(anonymous_24)
FN:672,(anonymous_25)
FN:734,(anonymous_26)
FN:839,(anonymous_27)
FN:852,(anonymous_28)
FN:892,(anonymous_29)
FNF:30
FNH:6
FNDA:0,(anonymous_0)
FNDA:0,(anonymous_1)
FNDA:0,(anonymous_2)
FNDA:0,(anonymous_3)
FNDA:0,(anonymous_4)
FNDA:0,(anonymous_5)
FNDA:0,(anonymous_6)
FNDA:0,(anonymous_7)
FNDA:7,validateCreationPayload
FNDA:7,(anonymous_9)
FNDA:2,(anonymous_10)
FNDA:0,(anonymous_11)
FNDA:0,(anonymous_12)
FNDA:0,(anonymous_13)
FNDA:0,(anonymous_14)
FNDA:0,(anonymous_15)
FNDA:0,(anonymous_16)
FNDA:0,(anonymous_17)
FNDA:0,(anonymous_18)
FNDA:0,(anonymous_19)
FNDA:0,(anonymous_20)
FNDA:0,(anonymous_21)
FNDA:5,(anonymous_22)
FNDA:0,(anonymous_23)
FNDA:5,(anonymous_24)
FNDA:0,(anonymous_25)
FNDA:6,(anonymous_26)
FNDA:0,(anonymous_27)
FNDA:0,(anonymous_28)
FNDA:0,(anonymous_29)
DA:1,10
DA:2,10
DA:3,10
DA:4,10
DA:5,10
DA:6,10
DA:7,10
DA:8,10
DA:9,10
DA:11,10
DA:14,10
DA:15,0
DA:16,0
DA:17,0
DA:18,0
DA:19,0
DA:21,0
DA:22,0
DA:23,0
DA:24,0
DA:25,0
DA:26,0
DA:29,0
DA:38,0
DA:40,0
DA:41,0
DA:47,0
DA:51,10
DA:52,0
DA:53,0
DA:55,0
DA:58,0
DA:59,0
DA:63,0
DA:64,0
DA:68,0
DA:69,0
DA:72,0
DA:73,0
DA:74,0
DA:78,0
DA:80,0
DA:81,0
DA:82,0
DA:85,0
DA:86,0
DA:90,0
DA:91,0
DA:97,0
DA:98,0
DA:101,0
DA:112,0
DA:117,0
DA:127,0
DA:133,7
DA:134,7
DA:135,7
DA:136,7
DA:137,7
DA:138,7
DA:142,10
DA:143,7
DA:144,7
DA:146,7
DA:147,7
DA:148,0
DA:151,7
DA:167,7
DA:168,7
DA:170,0
DA:175,10
DA:176,2
DA:177,2
DA:178,2
DA:179,2
DA:180,2
DA:181,2
DA:182,1
DA:184,1
DA:188,1
DA:190,1
DA:207,1
DA:208,1
DA:210,0
DA:215,10
DA:216,0
DA:217,0
DA:219,0
DA:224,0
DA:225,0
DA:229,0
DA:230,0
DA:233,0
DA:235,0
DA:240,10
DA:241,0
DA:242,0
DA:243,0
DA:244,0
DA:245,0
DA:246,0
DA:247,0
DA:250,0
DA:251,0
DA:252,0
DA:254,0
DA:257,0
DA:258,0
DA:260,0
DA:261,0
DA:262,0
DA:264,0
DA:265,0
DA:266,0
DA:268,0
DA:269,0
DA:270,0
DA:271,0
DA:273,0
DA:275,0
DA:276,0
DA:277,0
DA:278,0
DA:279,0
DA:280,0
DA:282,0
DA:285,0
DA:286,0
DA:294,0
DA:295,0
DA:296,0
DA:298,0
DA:303,10
DA:304,0
DA:305,0
DA:307,0
DA:309,0
DA:310,0
DA:314,0
DA:315,0
DA:319,0
DA:329,0
DA:331,0
DA:336,10
DA:337,0
DA:338,0
DA:341,0
DA:343,0
DA:344,0
DA:347,0
DA:348,0
DA:350,0
DA:351,0
DA:354,0
DA:356,0
DA:357,0
DA:361,0
DA:364,0
DA:365,0
DA:366,0
DA:370,0
DA:372,0
DA:373,0
DA:375,0
DA:378,0
DA:383,10
DA:384,0
DA:385,0
DA:388,0
DA:390,0
DA:391,0
DA:394,0
DA:395,0
DA:397,0
DA:398,0
DA:401,0
DA:403,0
DA:404,0
DA:408,0
DA:409,0
DA:410,0
DA:413,0
DA:415,0
DA:416,0
DA:418,0
DA:421,0
DA:426,10
DA:427,0
DA:428,0
DA:430,0
DA:432,0
DA:433,0
DA:437,0
DA:438,0
DA:442,0
DA:446,0
DA:447,0
DA:455,0
DA:457,0
DA:469,0
DA:474,10
DA:475,0
DA:476,0
DA:477,0
DA:479,0
DA:480,0
DA:483,0
DA:484,0
DA:487,0
DA:488,0
DA:492,0
DA:499,0
DA:501,0
DA:502,0
DA:503,0
DA:504,0
DA:505,0
DA:506,0
DA:507,0
DA:508,0
DA:509,0
DA:510,0
DA:511,0
DA:514,0
DA:515,0
DA:516,0
DA:520,0
DA:525,0
DA:527,0
DA:528,0
DA:531,0
DA:543,0
DA:544,0
DA:545,0
DA:547,0
DA:548,0
DA:550,0
DA:552,0
DA:554,0
DA:566,0
DA:571,10
DA:572,5
DA:573,5
DA:574,5
DA:576,5
DA:578,5
DA:579,0
DA:585,5
DA:586,0
DA:593,5
DA:594,5
DA:596,5
DA:597,0
DA:599,5
DA:600,0
DA:602,5
DA:603,0
DA:607,5
DA:608,5
DA:609,5
DA:610,5
DA:611,5
DA:612,5
DA:613,5
DA:615,0
DA:617,0
DA:618,0
DA:621,5
DA:623,5
DA:625,5
DA:627,0
DA:632,10
DA:633,5
DA:634,5
DA:635,5
DA:636,5
DA:637,5
DA:638,5
DA:639,5
DA:640,0
DA:643,5
DA:644,5
DA:645,5
DA:647,0
DA:651,5
DA:652,0
DA:654,5
DA:655,5
DA:656,5
DA:657,5
DA:658,5
DA:659,5
DA:661,0
DA:663,5
DA:664,5
DA:665,5
DA:667,0
DA:672,10
DA:673,0
DA:674,0
DA:676,0
DA:678,0
DA:679,0
DA:683,0
DA:684,0
DA:688,0
DA:689,0
DA:693,0
DA:695,0
DA:696,0
DA:700,0
DA:708,0
DA:715,0
DA:721,0
DA:722,0
DA:724,0
DA:729,0
DA:734,10
DA:735,6
DA:736,6
DA:738,6
DA:742,6
DA:743,0
DA:747,6
DA:748,0
DA:752,6
DA:753,0
DA:757,6
DA:758,6
DA:759,5
DA:760,5
DA:761,1
DA:763,4
DA:764,4
DA:774,4
DA:775,4
DA:776,4
DA:777,4
DA:781,4
DA:782,4
DA:786,5
DA:787,0
DA:791,5
DA:794,5
DA:808,4
DA:809,4
DA:812,4
DA:813,4
DA:814,3
DA:815,3
DA:816,3
DA:817,3
DA:818,3
DA:821,0
DA:824,4
DA:826,4
DA:834,1
DA:839,10
DA:840,0
DA:841,0
DA:842,0
DA:844,0
DA:845,0
DA:848,0
DA:850,0
DA:851,0
DA:852,0
DA:859,0
DA:860,0
DA:861,0
DA:862,0
DA:867,0
DA:878,0
DA:881,0
DA:882,0
DA:883,0
DA:886,0
DA:887,0
DA:892,10
DA:893,0
DA:894,0
DA:895,0
DA:896,0
DA:897,0
DA:898,0
DA:900,0
DA:901,0
DA:902,0
DA:903,0
DA:904,0
DA:905,0
DA:906,0
DA:907,0
DA:909,0
DA:911,0
LF:395
LH:127
BRDA:18,0,0,0
BRDA:18,0,1,0
BRDA:19,1,0,0
BRDA:19,1,1,0
BRDA:21,2,0,0
BRDA:21,2,1,0
BRDA:23,3,0,0
BRDA:23,3,1,0
BRDA:40,4,0,0
BRDA:40,4,1,0
BRDA:42,5,0,0
BRDA:42,5,1,0
BRDA:42,5,2,0
BRDA:42,5,3,0
BRDA:53,6,0,0
BRDA:53,7,0,0
BRDA:58,8,0,0
BRDA:58,8,1,0
BRDA:63,9,0,0
BRDA:63,9,1,0
BRDA:68,10,0,0
BRDA:68,10,1,0
BRDA:72,11,0,0
BRDA:72,11,1,0
BRDA:74,12,0,0
BRDA:74,12,1,0
BRDA:78,13,0,0
BRDA:78,13,1,0
BRDA:85,14,0,0
BRDA:85,14,1,0
BRDA:90,15,0,0
BRDA:90,15,1,0
BRDA:97,16,0,0
BRDA:97,16,1,0
BRDA:134,17,0,0
BRDA:134,17,1,7
BRDA:135,18,0,0
BRDA:135,18,1,7
BRDA:135,19,0,7
BRDA:135,19,1,7
BRDA:136,20,0,0
BRDA:136,20,1,7
BRDA:136,21,0,7
BRDA:136,21,1,7
BRDA:137,22,0,0
BRDA:137,22,1,7
BRDA:137,23,0,7
BRDA:137,23,1,7
BRDA:147,24,0,0
BRDA:147,24,1,7
BRDA:154,25,0,7
BRDA:154,25,1,7
BRDA:155,26,0,7
BRDA:155,26,1,0
BRDA:156,27,0,7
BRDA:156,27,1,7
BRDA:160,28,0,7
BRDA:160,28,1,0
BRDA:180,29,0,0
BRDA:180,29,1,2
BRDA:181,30,0,1
BRDA:181,30,1,1
BRDA:182,31,0,1
BRDA:182,31,1,0
BRDA:182,32,0,1
BRDA:182,32,1,1
BRDA:195,33,0,1
BRDA:195,33,1,1
BRDA:224,34,0,0
BRDA:224,34,1,0
BRDA:229,35,0,0
BRDA:229,35,1,0
BRDA:229,36,0,0
BRDA:229,36,1,0
BRDA:245,37,0,0
BRDA:245,37,1,0
BRDA:246,38,0,0
BRDA:246,38,1,0
BRDA:250,39,0,0
BRDA:250,39,1,0
BRDA:251,40,0,0
BRDA:251,40,1,0
BRDA:257,41,0,0
BRDA:257,41,1,0
BRDA:257,42,0,0
BRDA:257,42,1,0
BRDA:257,42,2,0
BRDA:257,42,3,0
BRDA:260,43,0,0
BRDA:260,43,1,0
BRDA:261,44,0,0
BRDA:261,44,1,0
BRDA:262,45,0,0
BRDA:262,45,1,0
BRDA:264,46,0,0
BRDA:264,46,1,0
BRDA:265,47,0,0
BRDA:265,47,1,0
BRDA:266,48,0,0
BRDA:266,48,1,0
BRDA:268,49,0,0
BRDA:268,49,1,0
BRDA:270,50,0,0
BRDA:270,50,1,0
BRDA:270,51,0,0
BRDA:270,51,1,0
BRDA:270,51,2,0
BRDA:275,52,0,0
BRDA:275,52,1,0
BRDA:276,53,0,0
BRDA:276,53,1,0
BRDA:279,54,0,0
BRDA:279,54,1,0
BRDA:279,55,0,0
BRDA:279,55,1,0
BRDA:285,56,0,0
BRDA:285,56,1,0
BRDA:285,57,0,0
BRDA:285,57,1,0
BRDA:288,58,0,0
BRDA:288,58,1,0
BRDA:289,59,0,0
BRDA:289,59,1,0
BRDA:290,60,0,0
BRDA:290,60,1,0
BRDA:309,61,0,0
BRDA:309,61,1,0
BRDA:314,62,0,0
BRDA:314,62,1,0
BRDA:314,63,0,0
BRDA:314,63,1,0
BRDA:341,64,0,0
BRDA:341,64,1,0
BRDA:341,64,2,0
BRDA:343,65,0,0
BRDA:343,65,1,0
BRDA:350,66,0,0
BRDA:350,66,1,0
BRDA:350,67,0,0
BRDA:350,67,1,0
BRDA:356,68,0,0
BRDA:356,68,1,0
BRDA:364,69,0,0
BRDA:364,69,1,0
BRDA:365,70,0,0
BRDA:365,70,1,0
BRDA:372,71,0,0
BRDA:372,71,1,0
BRDA:372,72,0,0
BRDA:372,72,1,0
BRDA:388,73,0,0
BRDA:388,73,1,0
BRDA:388,73,2,0
BRDA:390,74,0,0
BRDA:390,74,1,0
BRDA:397,75,0,0
BRDA:397,75,1,0
BRDA:397,76,0,0
BRDA:397,76,1,0
BRDA:403,77,0,0
BRDA:403,77,1,0
BRDA:408,78,0,0
BRDA:408,78,1,0
BRDA:409,79,0,0
BRDA:409,79,1,0
BRDA:415,80,0,0
BRDA:415,80,1,0
BRDA:415,81,0,0
BRDA:415,81,1,0
BRDA:432,82,0,0
BRDA:432,82,1,0
BRDA:437,83,0,0
BRDA:437,83,1,0
BRDA:437,84,0,0
BRDA:437,84,1,0
BRDA:446,85,0,0
BRDA:446,85,1,0
BRDA:457,86,0,0
BRDA:457,86,1,0
BRDA:479,87,0,0
BRDA:479,87,1,0
BRDA:484,88,0,0
BRDA:484,88,1,0
BRDA:487,89,0,0
BRDA:487,89,1,0
BRDA:505,90,0,0
BRDA:505,90,1,0
BRDA:505,91,0,0
BRDA:505,91,1,0
BRDA:506,92,0,0
BRDA:506,92,1,0
BRDA:506,93,0,0
BRDA:506,93,1,0
BRDA:507,94,0,0
BRDA:507,94,1,0
BRDA:507,95,0,0
BRDA:507,95,1,0
BRDA:508,96,0,0
BRDA:508,96,1,0
BRDA:509,97,0,0
BRDA:509,97,1,0
BRDA:509,98,0,0
BRDA:509,98,1,0
BRDA:510,99,0,0
BRDA:510,99,1,0
BRDA:514,100,0,0
BRDA:514,100,1,0
BRDA:515,101,0,0
BRDA:515,101,1,0
BRDA:525,102,0,0
BRDA:525,102,1,0
BRDA:525,102,2,0
BRDA:525,102,3,0
BRDA:525,102,4,0
BRDA:525,102,5,0
BRDA:527,103,0,0
BRDA:527,103,1,0
BRDA:537,104,0,0
BRDA:537,104,1,0
BRDA:544,105,0,0
BRDA:544,105,1,0
BRDA:578,106,0,0
BRDA:578,106,1,5
BRDA:585,107,0,0
BRDA:585,107,1,5
BRDA:593,108,0,5
BRDA:593,108,1,0
BRDA:596,109,0,0
BRDA:596,109,1,5
BRDA:599,110,0,0
BRDA:599,110,1,5
BRDA:602,111,0,0
BRDA:602,111,1,5
BRDA:607,112,0,5
BRDA:607,112,1,0
BRDA:617,113,0,0
BRDA:617,113,1,0
BRDA:637,114,0,0
BRDA:637,114,1,5
BRDA:638,115,0,0
BRDA:638,115,1,5
BRDA:639,116,0,0
BRDA:639,116,1,5
BRDA:639,117,0,5
BRDA:639,117,1,0
BRDA:651,118,0,0
BRDA:651,118,1,5
BRDA:678,119,0,0
BRDA:678,119,1,0
BRDA:683,120,0,0
BRDA:683,120,1,0
BRDA:688,121,0,0
BRDA:688,121,1,0
BRDA:695,122,0,0
BRDA:695,122,1,0
BRDA:695,123,0,0
BRDA:695,123,1,0
BRDA:695,123,2,0
BRDA:703,124,0,0
BRDA:703,124,1,0
BRDA:704,125,0,0
BRDA:704,125,1,0
BRDA:742,126,0,0
BRDA:742,126,1,6
BRDA:747,127,0,0
BRDA:747,127,1,6
BRDA:752,128,0,0
BRDA:752,128,1,6
BRDA:758,129,0,5
BRDA:758,129,1,1
BRDA:760,130,0,1
BRDA:760,130,1,4
BRDA:760,131,0,5
BRDA:760,131,1,5
BRDA:760,131,2,5
BRDA:771,132,0,4
BRDA:771,132,1,0
BRDA:786,133,0,0
BRDA:786,133,1,5
BRDA:786,134,0,5
BRDA:786,134,1,5
BRDA:791,135,0,0
BRDA:791,135,1,5
BRDA:791,136,0,5
BRDA:791,136,1,0
BRDA:813,137,0,3
BRDA:813,137,1,1
BRDA:844,138,0,0
BRDA:844,138,1,0
BRDA:848,139,0,0
BRDA:848,139,1,0
BRDA:848,140,0,0
BRDA:848,140,1,0
BRDA:851,141,0,0
BRDA:851,141,1,0
BRDA:859,142,0,0
BRDA:859,142,1,0
BRDA:860,143,0,0
BRDA:860,143,1,0
BRDA:861,144,0,0
BRDA:861,144,1,0
BRDA:862,145,0,0
BRDA:862,145,1,0
BRDA:896,146,0,0
BRDA:896,146,1,0
BRDA:897,147,0,0
BRDA:897,147,1,0
BRDA:901,148,0,0
BRDA:901,148,1,0
BRDA:902,149,0,0
BRDA:902,149,1,0
BRF:311
BRH:55
end_of_record
TN:
SF:controllers/studentsController.js
FN:6,(anonymous_0)
FN:53,(anonymous_1)
FN:95,(anonymous_2)
FN:142,(anonymous_3)
FNF:4
FNH:0
FNDA:0,(anonymous_0)
FNDA:0,(anonymous_1)
FNDA:0,(anonymous_2)
FNDA:0,(anonymous_3)
DA:1,10
DA:2,10
DA:3,10
DA:6,10
DA:7,0
DA:8,0
DA:10,0
DA:12,0
DA:13,0
DA:16,0
DA:17,0
DA:20,0
DA:21,0
DA:24,0
DA:31,0
DA:33,0
DA:38,0
DA:48,0
DA:53,10
DA:54,0
DA:55,0
DA:57,0
DA:58,0
DA:61,0
DA:62,0
DA:63,0
DA:66,0
DA:67,0
DA:68,0
DA:71,0
DA:72,0
DA:74,0
DA:83,0
DA:85,0
DA:86,0
DA:88,0
DA:90,0
DA:95,10
DA:96,0
DA:97,0
DA:98,0
DA:100,0
DA:102,0
DA:103,0
DA:106,0
DA:107,0
DA:110,0
DA:111,0
DA:112,0
DA:113,0
DA:115,0
DA:118,0
DA:119,0
DA:120,0
DA:121,0
DA:123,0
DA:124,0
DA:125,0
DA:128,0
DA:130,0
DA:132,0
DA:133,0
DA:135,0
DA:137,0
DA:142,10
DA:143,0
DA:144,0
DA:146,0
DA:148,0
DA:149,0
DA:152,0
DA:153,0
DA:156,0
DA:158,0
DA:160,0
LF:75
LH:7
BRDA:8,0,0,0
BRDA:8,1,0,0
BRDA:8,2,0,0
BRDA:12,3,0,0
BRDA:12,3,1,0
BRDA:16,4,0,0
BRDA:16,4,1,0
BRDA:20,5,0,0
BRDA:20,5,1,0
BRDA:57,6,0,0
BRDA:57,6,1,0
BRDA:57,7,0,0
BRDA:57,7,1,0
BRDA:57,7,2,0
BRDA:57,7,3,0
BRDA:62,8,0,0
BRDA:62,8,1,0
BRDA:67,9,0,0
BRDA:67,9,1,0
BRDA:79,10,0,0
BRDA:79,10,1,0
BRDA:102,11,0,0
BRDA:102,11,1,0
BRDA:102,12,0,0
BRDA:102,12,1,0
BRDA:106,13,0,0
BRDA:106,13,1,0
BRDA:110,14,0,0
BRDA:110,14,1,0
BRDA:112,15,0,0
BRDA:112,15,1,0
BRDA:118,16,0,0
BRDA:118,16,1,0
BRDA:119,17,0,0
BRDA:119,17,1,0
BRDA:120,18,0,0
BRDA:120,18,1,0
BRDA:121,19,0,0
BRDA:121,19,1,0
BRDA:123,20,0,0
BRDA:123,20,1,0
BRDA:148,21,0,0
BRDA:148,21,1,0
BRDA:148,22,0,0
BRDA:148,22,1,0
BRDA:152,23,0,0
BRDA:152,23,1,0
BRF:47
BRH:0
end_of_record
TN:
SF:controllers/themesController.js
FN:4,(anonymous_0)
FN:46,(anonymous_1)
FN:69,(anonymous_2)
FN:97,(anonymous_3)
FN:113,(anonymous_4)
FNF:5
FNH:3
FNDA:3,(anonymous_0)
FNDA:3,(anonymous_1)
FNDA:0,(anonymous_2)
FNDA:1,(anonymous_3)
FNDA:0,(anonymous_4)
DA:1,10
DA:4,10
DA:5,3
DA:6,3
DA:8,3
DA:11,3
DA:12,0
DA:16,3
DA:17,2
DA:20,3
DA:26,3
DA:31,3
DA:41,0
DA:46,10
DA:47,3
DA:48,3
DA:50,3
DA:51,1
DA:54,2
DA:60,2
DA:62,2
DA:64,0
DA:69,10
DA:70,0
DA:71,0
DA:72,0
DA:74,0
DA:76,0
DA:77,0
DA:80,0
DA:81,0
DA:84,0
DA:85,0
DA:88,0
DA:90,0
DA:92,0
DA:97,10
DA:98,1
DA:99,1
DA:100,1
DA:101,1
DA:102,0
DA:104,1
DA:105,1
DA:106,1
DA:108,0
DA:113,10
DA:114,0
DA:115,0
DA:116,0
DA:117,0
DA:118,0
DA:120,0
DA:121,0
DA:122,0
DA:124,0
LF:56
LH:29
BRDA:6,0,0,3
BRDA:6,1,0,3
BRDA:6,2,0,3
BRDA:11,3,0,0
BRDA:11,3,1,3
BRDA:16,4,0,2
BRDA:16,4,1,1
BRDA:50,5,0,1
BRDA:50,5,1,2
BRDA:56,6,0,0
BRDA:56,6,1,2
BRDA:76,7,0,0
BRDA:76,7,1,0
BRDA:80,8,0,0
BRDA:80,8,1,0
BRDA:84,9,0,0
BRDA:84,9,1,0
BRDA:101,10,0,0
BRDA:101,10,1,1
BRDA:117,11,0,0
BRDA:117,11,1,0
BRF:21
BRH:10
end_of_record
TN:
SF:controllers/uploadsController.js
FN:5,(anonymous_0)
FNF:1
FNH:0
FNDA:0,(anonymous_0)
DA:1,10
DA:2,10
DA:5,10
DA:6,0
DA:8,0
DA:9,0
DA:13,0
DA:14,0
DA:18,0
DA:24,0
DA:31,0
DA:32,0
DA:33,0
DA:35,0
DA:37,0
LF:15
LH:3
BRDA:8,0,0,0
BRDA:8,0,1,0
BRDA:13,1,0,0
BRDA:13,1,1,0
BRDA:28,2,0,0
BRDA:28,2,1,0
BRDA:31,3,0,0
BRDA:31,3,1,0
BRDA:32,4,0,0
BRDA:32,4,1,0
BRF:10
BRH:0
end_of_record
TN:
SF:middleware/auth.js
FN:5,(anonymous_0)
FN:6,(anonymous_1)
FNF:2
FNH:2
FNDA:300,(anonymous_0)
FNDA:37,(anonymous_1)
DA:1,10
DA:2,10
DA:3,10
DA:5,10
DA:6,300
DA:7,37
DA:10,37
DA:12,37
DA:13,37
DA:14,37
DA:15,37
DA:16,37
DA:17,37
DA:20,37
DA:21,0
DA:22,0
DA:23,0
DA:25,37
DA:28,37
DA:30,37
DA:31,35
DA:32,35
DA:33,35
DA:34,2
DA:35,0
DA:36,0
DA:37,0
DA:39,2
DA:42,2
DA:43,2
DA:44,0
DA:45,0
DA:48,2
DA:58,35
DA:59,0
DA:65,35
DA:66,35
DA:68,33
DA:69,0
DA:76,33
DA:78,33
DA:79,0
DA:86,33
DA:87,1
DA:94,32
DA:96,0
DA:97,0
DA:99,0
DA:100,0
DA:103,0
DA:110,0
DA:111,0
DA:116,32
DA:123,32
DA:125,2
DA:127,2
DA:128,1
DA:135,1
DA:136,1
DA:143,0
DA:146,0
DA:147,0
DA:152,10
LF:63
LH:42
BRDA:5,0,0,10
BRDA:15,1,0,37
BRDA:15,1,1,0
BRDA:16,2,0,37
BRDA:16,2,1,37
BRDA:17,3,0,37
BRDA:17,3,1,37
BRDA:20,4,0,0
BRDA:20,4,1,37
BRDA:20,5,0,37
BRDA:20,5,1,37
BRDA:30,6,0,35
BRDA:30,6,1,2
BRDA:30,7,0,37
BRDA:30,7,1,35
BRDA:34,8,0,0
BRDA:34,8,1,2
BRDA:43,9,0,0
BRDA:43,9,1,2
BRDA:43,10,0,2
BRDA:43,10,1,2
BRDA:51,11,0,2
BRDA:51,11,1,0
BRDA:52,12,0,2
BRDA:52,12,1,2
BRDA:53,13,0,2
BRDA:53,13,1,2
BRDA:58,14,0,0
BRDA:58,14,1,35
BRDA:68,15,0,0
BRDA:68,15,1,33
BRDA:78,16,0,0
BRDA:78,16,1,33
BRDA:86,17,0,1
BRDA:86,17,1,32
BRDA:86,18,0,33
BRDA:86,18,1,33
BRDA:94,19,0,0
BRDA:94,19,1,32
BRDA:94,20,0,32
BRDA:94,20,1,0
BRDA:99,21,0,0
BRDA:99,21,1,0
BRDA:127,22,0,1
BRDA:127,22,1,1
BRDA:135,23,0,1
BRDA:135,23,1,0
BRF:47
BRH:34
end_of_record
TN:
SF:middleware/errorHandler.js
FN:1,(anonymous_0)
FNF:1
FNH:1
FNDA:2,(anonymous_0)
DA:1,10
DA:3,2
DA:4,2
DA:5,1
DA:7,2
DA:8,0
DA:11,2
DA:17,10
LF:8
LH:7
BRDA:3,0,0,2
BRDA:3,0,1,2
BRDA:4,1,0,1
BRDA:4,1,1,1
BRDA:4,2,0,2
BRDA:4,2,1,2
BRDA:4,2,2,2
BRDA:7,3,0,0
BRDA:7,3,1,2
BRDA:12,4,0,2
BRDA:12,4,1,0
BRDA:13,5,0,0
BRDA:13,5,1,2
BRF:13
BRH:10
end_of_record
TN:
SF:middleware/inputSanitizer.js
FN:5,sanitizeValue
FN:14,sanitizeObject
FN:21,inputSanitizer
FNF:3
FNH:3
FNDA:84,sanitizeValue
FNDA:154,sanitizeObject
FNDA:73,inputSanitizer
DA:3,10
DA:6,84
DA:7,49
DA:9,35
DA:10,34
DA:11,26
DA:15,154
DA:16,82
DA:18,154
DA:21,10
DA:22,73
DA:23,73
DA:24,73
LF:13
LH:13
BRDA:6,0,0,49
BRDA:6,0,1,35
BRDA:9,1,0,1
BRDA:9,1,1,34
BRDA:10,2,0,8
BRDA:10,2,1,26
BRDA:10,3,0,34
BRDA:10,3,1,29
BRDA:22,4,0,73
BRDA:22,4,1,0
BRDA:23,5,0,73
BRDA:23,5,1,0
BRF:12
BRH:10
end_of_record
TN:
SF:middleware/metrics.js
FN:10,record
FN:11,metricsMiddleware
FN:15,(anonymous_2)
FN:22,exposeMetrics
FN:23,(anonymous_4)
FN:23,(anonymous_5)
FN:31,(anonymous_6)
FN:32,(anonymous_7)
FN:33,(anonymous_8)
FNF:9
FNH:6
FNDA:77,record
FNDA:73,metricsMiddleware
FNDA:73,(anonymous_2)
FNDA:0,exposeMetrics
FNDA:0,(anonymous_4)
FNDA:0,(anonymous_5)
FNDA:4,(anonymous_6)
FNDA:4,(anonymous_7)
FNDA:13,(anonymous_8)
DA:1,10
DA:9,10
DA:10,77
DA:12,73
DA:13,73
DA:14,73
DA:15,73
DA:16,73
DA:17,73
DA:18,73
DA:20,73
DA:23,0
DA:24,0
DA:31,10
DA:32,10
DA:33,13
DA:34,10
LF:17
LH:15
BRDA:10,0,0,0
BRDA:10,0,1,77
BRDA:23,1,0,0
BRDA:23,1,1,0
BRF:4
BRH:1
end_of_record
TN:
SF:middleware/rateLimit.js
FN:7,rateLimit
FNF:1
FNH:1
FNDA:73,rateLimit
DA:3,10
DA:4,10
DA:5,10
DA:7,10
DA:8,73
DA:9,73
DA:10,73
DA:11,73
DA:12,10
DA:13,10
DA:15,73
DA:16,73
DA:17,0
DA:18,0
DA:19,0
DA:21,73
LF:16
LH:13
BRDA:3,0,0,10
BRDA:3,0,1,10
BRDA:4,1,0,10
BRDA:4,1,1,10
BRDA:8,2,0,73
BRDA:8,2,1,0
BRDA:8,2,2,0
BRDA:11,3,0,10
BRDA:11,3,1,63
BRDA:11,4,0,73
BRDA:11,4,1,63
BRDA:16,5,0,0
BRDA:16,5,1,73
BRF:13
BRH:10
end_of_record
TN:
SF:middleware/requestDebugger.js
FN:4,(anonymous_0)
FNF:1
FNH:1
FNDA:73,(anonymous_0)
DA:4,10
DA:6,73
DA:7,73
DA:10,0
DA:11,0
DA:14,0
DA:15,0
DA:18,0
DA:19,0
DA:22,0
DA:23,0
DA:24,0
DA:25,0
DA:28,0
DA:29,0
DA:32,0
DA:33,0
DA:34,0
DA:36,0
DA:40,0
DA:41,0
DA:43,0
DA:44,0
DA:45,0
DA:48,0
DA:49,0
LF:26
LH:3
BRDA:6,0,0,73
BRDA:6,0,1,0
BRDA:10,1,0,0
BRDA:10,1,1,0
BRDA:23,2,0,0
BRDA:23,2,1,0
BRDA:24,3,0,0
BRDA:24,3,1,0
BRDA:25,4,0,0
BRDA:25,4,1,0
BRDA:28,5,0,0
BRDA:28,5,1,0
BRDA:29,6,0,0
BRDA:29,6,1,0
BRDA:32,7,0,0
BRDA:32,7,1,0
BRDA:32,8,0,0
BRDA:32,8,1,0
BRDA:40,9,0,0
BRDA:40,9,1,0
BRDA:40,10,0,0
BRDA:40,10,1,0
BRDA:40,10,2,0
BRDA:44,11,0,0
BRDA:44,11,1,0
BRF:25
BRH:1
end_of_record
TN:
SF:middleware/securityHeaders.js
FN:2,securityHeaders
FNF:1
FNH:1
FNDA:73,securityHeaders
DA:2,10
DA:3,73
DA:4,73
DA:5,73
DA:6,73
DA:7,73
LF:6
LH:6
BRF:0
BRH:0
end_of_record
TN:
SF:services/emailService.js
FN:16,(anonymous_0)
FNF:1
FNH:0
FNDA:0,(anonymous_0)
DA:1,5
DA:2,5
DA:5,5
DA:16,5
DA:17,0
DA:19,0
DA:28,0
DA:29,0
DA:35,0
DA:36,0
DA:44,0
LF:11
LH:4
BRDA:28,0,0,0
BRDA:28,0,1,0
BRDA:31,1,0,0
BRDA:31,1,1,0
BRDA:35,2,0,0
BRDA:35,2,1,0
BRDA:38,3,0,0
BRDA:38,3,1,0
BRF:8
BRH:0
end_of_record
TN:
SF:services/logger.js
FN:8,base
FN:9,log
FN:15,(anonymous_2)
FN:16,(anonymous_3)
FN:17,(anonymous_4)
FN:18,(anonymous_5)
FNF:6
FNH:2
FNDA:0,base
FNDA:31,log
FNDA:0,(anonymous_2)
FNDA:31,(anonymous_3)
FNDA:0,(anonymous_4)
FNDA:0,(anonymous_5)
DA:1,10
DA:3,10
DA:6,10
DA:8,0
DA:10,31
DA:11,0
DA:12,0
DA:14,10
DA:15,0
DA:16,31
DA:17,0
DA:18,0
LF:12
LH:6
BRDA:3,0,0,10
BRDA:3,0,1,0
BRDA:4,1,0,10
BRDA:4,1,1,10
BRDA:5,2,0,0
BRDA:5,2,1,0
BRDA:6,3,0,0
BRDA:6,3,1,10
BRDA:8,4,0,0
BRDA:10,5,0,31
BRDA:10,5,1,0
BRDA:15,6,0,0
BRDA:16,7,0,0
BRDA:17,8,0,0
BRDA:18,9,0,0
BRF:15
BRH:5
end_of_record
TN:
SF:services/pdfService.js
FN:4,resolveFetch
FN:7,(anonymous_1)
FN:7,(anonymous_2)
FN:19,parseColor
FN:34,(anonymous_4)
FN:47,(anonymous_5)
FN:61,(anonymous_6)
FN:63,(anonymous_7)
FN:82,(anonymous_8)
FN:92,(anonymous_9)
FN:96,(anonymous_10)
FN:98,(anonymous_11)
FN:117,(anonymous_12)
FN:136,(anonymous_13)
FN:155,(anonymous_14)
FN:187,(anonymous_15)
FN:196,(anonymous_16)
FN:203,(anonymous_17)
FNF:18
FNH:15
FNDA:3,resolveFetch
FNDA:0,(anonymous_1)
FNDA:0,(anonymous_2)
FNDA:6,parseColor
FNDA:0,(anonymous_4)
FNDA:3,(anonymous_5)
FNDA:2,(anonymous_6)
FNDA:2,(anonymous_7)
FNDA:3,(anonymous_8)
FNDA:3,(anonymous_9)
FNDA:3,(anonymous_10)
FNDA:3,(anonymous_11)
FNDA:26,(anonymous_12)
FNDA:15,(anonymous_13)
FNDA:3,(anonymous_14)
FNDA:2,(anonymous_15)
FNDA:5,(anonymous_16)
FNDA:3,(anonymous_17)
DA:1,5
DA:5,3
DA:7,0
DA:11,5
DA:20,6
DA:21,6
DA:22,6
DA:23,2
DA:24,2
DA:25,2
DA:27,4
DA:28,0
DA:29,0
DA:30,0
DA:32,4
DA:33,4
DA:34,4
DA:35,4
DA:36,4
DA:37,4
DA:38,4
DA:39,4
DA:42,0
DA:47,5
DA:48,3
DA:49,3
DA:51,3
DA:52,2
DA:53,2
DA:54,2
DA:55,2
DA:56,2
DA:57,2
DA:58,2
DA:59,2
DA:60,2
DA:61,2
DA:63,2
DA:71,1
DA:72,1
DA:73,1
DA:74,1
DA:75,1
DA:76,1
DA:77,1
DA:81,3
DA:82,3
DA:85,3
DA:86,3
DA:87,3
DA:90,3
DA:91,3
DA:92,3
DA:93,3
DA:94,3
DA:95,3
DA:96,3
DA:97,3
DA:98,3
DA:99,3
DA:113,3
DA:114,3
DA:115,3
DA:117,3
DA:118,26
DA:119,26
DA:120,26
DA:121,26
DA:122,62
DA:123,62
DA:124,62
DA:125,0
DA:126,0
DA:127,0
DA:129,62
DA:132,26
DA:133,26
DA:136,3
DA:137,15
DA:144,15
DA:147,3
DA:149,3
DA:150,3
DA:151,3
DA:153,3
DA:154,3
DA:155,3
DA:156,3
DA:157,3
DA:158,3
DA:159,3
DA:160,3
DA:161,3
DA:162,3
DA:163,3
DA:164,3
DA:166,3
DA:169,3
DA:170,3
DA:171,0
DA:172,0
DA:174,3
DA:175,3
DA:176,3
DA:179,3
DA:180,0
DA:181,0
DA:183,3
DA:185,3
DA:186,1
DA:187,2
DA:188,2
DA:189,1
DA:196,5
DA:197,1
DA:198,1
DA:203,3
DA:205,3
DA:207,3
DA:208,3
DA:210,3
DA:212,3
DA:214,0
DA:215,0
LF:124
LH:110
BRDA:5,0,0,3
BRDA:5,0,1,0
BRDA:21,1,0,0
BRDA:21,1,1,6
BRDA:22,2,0,2
BRDA:22,2,1,4
BRDA:25,3,0,2
BRDA:25,3,1,0
BRDA:25,4,0,2
BRDA:25,4,1,2
BRDA:25,5,0,2
BRDA:25,5,1,2
BRDA:27,6,0,0
BRDA:27,6,1,4
BRDA:30,7,0,0
BRDA:30,7,1,0
BRDA:30,8,0,0
BRDA:30,8,1,0
BRDA:30,9,0,0
BRDA:30,9,1,0
BRDA:32,10,0,4
BRDA:32,10,1,0
BRDA:34,11,0,0
BRDA:34,11,1,4
BRDA:51,12,0,2
BRDA:51,12,1,1
BRDA:51,13,0,3
BRDA:51,13,1,3
BRDA:53,14,0,2
BRDA:53,14,1,0
BRDA:54,15,0,2
BRDA:54,15,1,0
BRDA:55,16,0,2
BRDA:55,16,1,0
BRDA:57,17,0,2
BRDA:57,17,1,0
BRDA:58,18,0,0
BRDA:58,18,1,2
BRDA:60,19,0,2
BRDA:60,19,1,0
BRDA:61,20,0,2
BRDA:61,20,1,0
BRDA:63,21,0,2
BRDA:63,21,1,2
BRDA:63,22,0,2
BRDA:63,22,1,2
BRDA:77,23,0,1
BRDA:77,23,1,0
BRDA:90,24,0,3
BRDA:90,24,1,0
BRDA:90,25,0,3
BRDA:90,25,1,3
BRDA:92,26,0,3
BRDA:92,26,1,0
BRDA:95,27,0,0
BRDA:95,27,1,3
BRDA:98,28,0,3
BRDA:98,28,1,0
BRDA:118,29,0,26
BRDA:118,30,0,0
BRDA:118,31,0,20
BRDA:118,32,0,20
BRDA:118,33,0,23
BRDA:118,34,0,26
BRDA:118,35,0,23
BRDA:124,36,0,0
BRDA:124,36,1,62
BRDA:136,37,0,3
BRDA:149,38,0,3
BRDA:149,38,1,0
BRDA:153,39,0,3
BRDA:153,39,1,0
BRDA:153,40,0,3
BRDA:153,40,1,3
BRDA:156,41,0,0
BRDA:156,41,1,3
BRDA:158,42,0,3
BRDA:158,42,1,0
BRDA:162,43,0,3
BRDA:162,43,1,0
BRDA:169,44,0,3
BRDA:169,44,1,0
BRDA:170,45,0,0
BRDA:170,45,1,3
BRDA:179,46,0,0
BRDA:179,46,1,3
BRDA:185,47,0,1
BRDA:185,47,1,2
BRDA:185,48,0,3
BRDA:185,48,1,2
BRDA:187,49,0,1
BRDA:187,49,1,0
BRDA:188,50,0,1
BRDA:188,50,1,1
BRDA:188,51,0,2
BRDA:188,51,1,1
BRDA:190,52,0,1
BRDA:190,52,1,0
BRDA:191,53,0,1
BRDA:191,53,1,0
BRDA:192,54,0,1
BRDA:192,54,1,0
BRDA:193,55,0,1
BRDA:193,55,1,0
BRDA:194,56,0,1
BRDA:194,56,1,0
BRDA:197,57,0,1
BRDA:197,57,1,0
BRDA:197,58,0,1
BRDA:197,58,1,1
BRDA:199,59,0,1
BRDA:199,59,1,0
BRDA:200,60,0,1
BRDA:200,60,1,0
BRDA:201,61,0,1
BRDA:201,61,1,0
BRDA:208,62,0,3
BRDA:208,62,1,0
BRDA:208,63,0,0
BRDA:208,63,1,0
BRF:120
BRH:73
end_of_record
TN:
SF:services/scoringService.js
FN:15,validateEnemPayload
FN:24,calculateEnem
FN:30,calculatePas
FN:40,maybeAutoCountPasErrors
FN:45,(anonymous_4)
FN:48,computeBimesterScore
FN:67,applyScoring
FNF:7
FNH:7
FNDA:8,validateEnemPayload
FNDA:8,calculateEnem
FNDA:4,calculatePas
FNDA:4,maybeAutoCountPasErrors
FNDA:3,(anonymous_4)
FNDA:18,computeBimesterScore
FNDA:15,applyScoring
DA:11,6
DA:13,6
DA:16,8
DA:17,8
DA:18,36
DA:19,36
DA:21,7
DA:25,8
DA:26,7
DA:27,7
DA:31,4
DA:32,4
DA:33,4
DA:34,4
DA:35,4
DA:36,4
DA:37,4
DA:41,4
DA:43,2
DA:44,2
DA:45,3
DA:49,18
DA:50,7
DA:51,7
DA:53,11
DA:54,3
DA:55,3
DA:57,8
DA:58,3
DA:59,5
DA:60,5
DA:61,5
DA:63,0
DA:68,15
DA:69,15
DA:70,0
DA:73,15
DA:74,3
DA:75,0
DA:77,3
DA:79,3
DA:80,2
DA:81,1
DA:82,1
DA:85,12
DA:86,12
DA:87,8
DA:88,4
DA:89,4
DA:90,4
DA:94,14
DA:97,6
LF:52
LH:49
BRDA:18,0,0,0
BRDA:18,0,1,36
BRDA:18,1,0,36
BRDA:18,1,1,36
BRDA:19,2,0,1
BRDA:19,2,1,35
BRDA:31,3,0,0
BRDA:31,3,1,4
BRDA:31,4,0,4
BRDA:31,4,1,4
BRDA:32,5,0,0
BRDA:32,5,1,4
BRDA:32,6,0,4
BRDA:32,6,1,4
BRDA:33,7,0,4
BRDA:33,7,1,0
BRDA:34,8,0,0
BRDA:34,8,1,4
BRDA:35,9,0,0
BRDA:35,9,1,4
BRDA:35,10,0,4
BRDA:35,10,1,4
BRDA:41,11,0,2
BRDA:41,11,1,2
BRDA:41,12,0,4
BRDA:41,12,1,2
BRDA:44,13,0,1
BRDA:44,13,1,1
BRDA:45,14,0,1
BRDA:45,14,1,0
BRDA:49,15,0,7
BRDA:49,15,1,11
BRDA:53,16,0,3
BRDA:53,16,1,8
BRDA:53,17,0,11
BRDA:53,17,1,11
BRDA:57,18,0,3
BRDA:57,18,1,5
BRDA:57,19,0,8
BRDA:57,19,1,3
BRDA:57,19,2,3
BRDA:59,20,0,5
BRDA:59,20,1,0
BRDA:59,21,0,5
BRDA:59,21,1,5
BRDA:59,21,2,5
BRDA:69,22,0,0
BRDA:69,22,1,15
BRDA:69,23,0,15
BRDA:69,23,1,15
BRDA:73,24,0,3
BRDA:73,24,1,12
BRDA:73,25,0,15
BRDA:73,25,1,3
BRDA:74,26,0,0
BRDA:74,26,1,3
BRDA:74,27,0,3
BRDA:74,27,1,3
BRDA:74,27,2,3
BRDA:79,28,0,2
BRDA:79,28,1,1
BRDA:81,29,0,1
BRDA:81,29,1,0
BRDA:86,30,0,8
BRDA:86,30,1,4
BRDA:88,31,0,4
BRDA:88,31,1,0
BRF:67
BRH:55
end_of_record
TN:
SF:services/statusService.js
FN:13,canTransition
FN:19,assertTransition
FNF:2
FNH:2
FNDA:22,canTransition
FNDA:18,assertTransition
DA:6,6
DA:14,22
DA:15,22
DA:16,21
DA:20,18
DA:21,17
DA:22,16
DA:23,15
DA:24,1
DA:26,14
DA:27,14
DA:28,14
DA:31,6
LF:13
LH:13
BRDA:14,0,0,0
BRDA:14,0,1,22
BRDA:14,1,0,22
BRDA:14,1,1,22
BRDA:15,2,0,1
BRDA:15,2,1,21
BRDA:16,3,0,21
BRDA:16,3,1,0
BRDA:20,4,0,1
BRDA:20,4,1,17
BRDA:21,5,0,1
BRDA:21,5,1,16
BRDA:22,6,0,1
BRDA:22,6,1,15
BRDA:23,7,0,1
BRDA:23,7,1,14
BRF:16
BRH:14
end_of_record
