<testsuites id="" name="" tests="5" failures="5" skipped="0" errors="0" time="77.962187">
<testsuite name="smoke.spec.ts" timestamp="2025-09-05T17:33:37.672Z" hostname="chromium" tests="5" failures="5" skipped="0" time="176.195" errors="0">
<testcase name="Smoke Tests - Critical Flows › Landing page loads correctly" classname="smoke.spec.ts" time="34.572">
<failure message="smoke.spec.ts:15:3 Landing page loads correctly" type="FAILURE">
<![CDATA[  [chromium] › smoke.spec.ts:15:3 › Smoke Tests - Critical Flows › Landing page loads correctly ────

    Test timeout of 30000ms exceeded.

    Error: page.goto: Test timeout of 30000ms exceeded.
    Call log:
      - navigating to "http://localhost:5173/", waiting until "load"


      14 | test.describe('Smoke Tests - Critical Flows', () => {
      15 |   test('Landing page loads correctly', async ({ page }) => {
    > 16 |     await page.goto('/');
         |                ^
      17 |     
      18 |     // Verificar elementos essenciais
      19 |     await expect(page).toHaveTitle(/Professor Yago/);
        at /Users/yagosales/Documents/Site Yago/Site-Professor-Yago/frontend/e2e/smoke.spec.ts:16:16

    attachment #1: screenshot (image/png) ──────────────────────────────────────────────────────────
    ../test-results/artifacts/smoke-Smoke-Tests---Critic-e8fb1-anding-page-loads-correctly-chromium/test-failed-1.png
    ────────────────────────────────────────────────────────────────────────────────────────────────

    attachment #2: video (video/webm) ──────────────────────────────────────────────────────────────
    ../test-results/artifacts/smoke-Smoke-Tests---Critic-e8fb1-anding-page-loads-correctly-chromium/video.webm
    ────────────────────────────────────────────────────────────────────────────────────────────────

    Error Context: ../test-results/artifacts/smoke-Smoke-Tests---Critic-e8fb1-anding-page-loads-correctly-chromium/error-context.md
]]>
</failure>
<system-out>
<![CDATA[
[[ATTACHMENT|artifacts/smoke-Smoke-Tests---Critic-e8fb1-anding-page-loads-correctly-chromium/test-failed-1.png]]

[[ATTACHMENT|artifacts/smoke-Smoke-Tests---Critic-e8fb1-anding-page-loads-correctly-chromium/video.webm]]

[[ATTACHMENT|artifacts/smoke-Smoke-Tests---Critic-e8fb1-anding-page-loads-correctly-chromium/error-context.md]]
]]>
</system-out>
</testcase>
<testcase name="Smoke Tests - Critical Flows › Professor complete flow: landing → login → resumo → redação → PDF → logout" classname="smoke.spec.ts" time="34.893">
<failure message="smoke.spec.ts:44:3 Professor complete flow: landing → login → resumo → redação → PDF → logout" type="FAILURE">
<![CDATA[  [chromium] › smoke.spec.ts:44:3 › Smoke Tests - Critical Flows › Professor complete flow: landing → login → resumo → redação → PDF → logout 

    Test timeout of 30000ms exceeded.

    Error: page.goto: Test timeout of 30000ms exceeded.
    Call log:
      - navigating to "http://localhost:5173/", waiting until "load"


      46 |     
      47 |     // 1. Landing → Login Professor
    > 48 |     await page.goto('/');
         |                ^
      49 |     await page.getByText('Sou Professor').click();
      50 |     await expect(page).toHaveURL('/login-professor');
      51 |     
        at /Users/yagosales/Documents/Site Yago/Site-Professor-Yago/frontend/e2e/smoke.spec.ts:48:16

    attachment #1: screenshot (image/png) ──────────────────────────────────────────────────────────
    ../test-results/artifacts/smoke-Smoke-Tests---Critic-1a2f1-mo-→-redação-→-PDF-→-logout-chromium/test-failed-1.png
    ────────────────────────────────────────────────────────────────────────────────────────────────

    attachment #2: video (video/webm) ──────────────────────────────────────────────────────────────
    ../test-results/artifacts/smoke-Smoke-Tests---Critic-1a2f1-mo-→-redação-→-PDF-→-logout-chromium/video.webm
    ────────────────────────────────────────────────────────────────────────────────────────────────

    Error Context: ../test-results/artifacts/smoke-Smoke-Tests---Critic-1a2f1-mo-→-redação-→-PDF-→-logout-chromium/error-context.md
]]>
</failure>
<system-out>
<![CDATA[
[[ATTACHMENT|artifacts/smoke-Smoke-Tests---Critic-1a2f1-mo-→-redação-→-PDF-→-logout-chromium/test-failed-1.png]]

[[ATTACHMENT|artifacts/smoke-Smoke-Tests---Critic-1a2f1-mo-→-redação-→-PDF-→-logout-chromium/video.webm]]

[[ATTACHMENT|artifacts/smoke-Smoke-Tests---Critic-1a2f1-mo-→-redação-→-PDF-→-logout-chromium/error-context.md]]
]]>
</system-out>
</testcase>
<testcase name="Smoke Tests - Critical Flows › Aluno complete flow: landing → login → dashboard → recados/notas → logout" classname="smoke.spec.ts" time="35.405">
<failure message="smoke.spec.ts:88:3 Aluno complete flow: landing → login → dashboard → recados/notas → logout" type="FAILURE">
<![CDATA[  [chromium] › smoke.spec.ts:88:3 › Smoke Tests - Critical Flows › Aluno complete flow: landing → login → dashboard → recados/notas → logout 

    Test timeout of 30000ms exceeded.

    Error: page.goto: Test timeout of 30000ms exceeded.
    Call log:
      - navigating to "http://localhost:5173/", waiting until "load"


      90 |     
      91 |     // 1. Landing → Login Aluno
    > 92 |     await page.goto('/');
         |                ^
      93 |     await page.getByText('Sou Aluno').click();
      94 |     await expect(page).toHaveURL('/login-aluno');
      95 |     
        at /Users/yagosales/Documents/Site Yago/Site-Professor-Yago/frontend/e2e/smoke.spec.ts:92:16

    attachment #1: screenshot (image/png) ──────────────────────────────────────────────────────────
    ../test-results/artifacts/smoke-Smoke-Tests---Critic-31b75-rd-→-recados-notas-→-logout-chromium/test-failed-1.png
    ────────────────────────────────────────────────────────────────────────────────────────────────

    attachment #2: video (video/webm) ──────────────────────────────────────────────────────────────
    ../test-results/artifacts/smoke-Smoke-Tests---Critic-31b75-rd-→-recados-notas-→-logout-chromium/video.webm
    ────────────────────────────────────────────────────────────────────────────────────────────────

    Error Context: ../test-results/artifacts/smoke-Smoke-Tests---Critic-31b75-rd-→-recados-notas-→-logout-chromium/error-context.md
]]>
</failure>
<system-out>
<![CDATA[
[[ATTACHMENT|artifacts/smoke-Smoke-Tests---Critic-31b75-rd-→-recados-notas-→-logout-chromium/test-failed-1.png]]

[[ATTACHMENT|artifacts/smoke-Smoke-Tests---Critic-31b75-rd-→-recados-notas-→-logout-chromium/video.webm]]

[[ATTACHMENT|artifacts/smoke-Smoke-Tests---Critic-31b75-rd-→-recados-notas-→-logout-chromium/error-context.md]]
]]>
</system-out>
</testcase>
<testcase name="Smoke Tests - Critical Flows › Error handling works correctly" classname="smoke.spec.ts" time="35.078">
<failure message="smoke.spec.ts:126:3 Error handling works correctly" type="FAILURE">
<![CDATA[  [chromium] › smoke.spec.ts:126:3 › Smoke Tests - Critical Flows › Error handling works correctly ─

    Test timeout of 30000ms exceeded.

    Error: page.goto: Test timeout of 30000ms exceeded.
    Call log:
      - navigating to "http://localhost:5173/nonexistent-route", waiting until "load"


      126 |   test('Error handling works correctly', async ({ page }) => {
      127 |     // Testar rota inexistente
    > 128 |     await page.goto('/nonexistent-route');
          |                ^
      129 |     await expect(page.getByText('Página não encontrada')).toBeVisible();
      130 |     await expect(page.getByText('🏠 Página inicial')).toBeVisible();
      131 |     
        at /Users/yagosales/Documents/Site Yago/Site-Professor-Yago/frontend/e2e/smoke.spec.ts:128:16

    attachment #1: screenshot (image/png) ──────────────────────────────────────────────────────────
    ../test-results/artifacts/smoke-Smoke-Tests---Critic-cbd10-or-handling-works-correctly-chromium/test-failed-1.png
    ────────────────────────────────────────────────────────────────────────────────────────────────

    attachment #2: video (video/webm) ──────────────────────────────────────────────────────────────
    ../test-results/artifacts/smoke-Smoke-Tests---Critic-cbd10-or-handling-works-correctly-chromium/video.webm
    ────────────────────────────────────────────────────────────────────────────────────────────────

    Error Context: ../test-results/artifacts/smoke-Smoke-Tests---Critic-cbd10-or-handling-works-correctly-chromium/error-context.md
]]>
</failure>
<system-out>
<![CDATA[
[[ATTACHMENT|artifacts/smoke-Smoke-Tests---Critic-cbd10-or-handling-works-correctly-chromium/test-failed-1.png]]

[[ATTACHMENT|artifacts/smoke-Smoke-Tests---Critic-cbd10-or-handling-works-correctly-chromium/video.webm]]

[[ATTACHMENT|artifacts/smoke-Smoke-Tests---Critic-cbd10-or-handling-works-correctly-chromium/error-context.md]]
]]>
</system-out>
</testcase>
<testcase name="Smoke Tests - Critical Flows › Performance and error handling" classname="smoke.spec.ts" time="36.247">
<failure message="smoke.spec.ts:137:3 Performance and error handling" type="FAILURE">
<![CDATA[  [chromium] › smoke.spec.ts:137:3 › Smoke Tests - Critical Flows › Performance and error handling ─

    Test timeout of 30000ms exceeded.

    Error: page.goto: Test timeout of 30000ms exceeded.
    Call log:
      - navigating to "http://localhost:5173/", waiting until "load"


      137 |   test('Performance and error handling', async ({ page }) => {
      138 |     // Verificar performance da landing page
    > 139 |     await page.goto('/');
          |                ^
      140 |     await verifyPageLoaded(page);
      141 |     await verifyNoJSErrors(page);
      142 |     
        at /Users/yagosales/Documents/Site Yago/Site-Professor-Yago/frontend/e2e/smoke.spec.ts:139:16

    attachment #1: screenshot (image/png) ──────────────────────────────────────────────────────────
    ../test-results/artifacts/smoke-Smoke-Tests---Critic-54573-formance-and-error-handling-chromium/test-failed-1.png
    ────────────────────────────────────────────────────────────────────────────────────────────────

    attachment #2: video (video/webm) ──────────────────────────────────────────────────────────────
    ../test-results/artifacts/smoke-Smoke-Tests---Critic-54573-formance-and-error-handling-chromium/video.webm
    ────────────────────────────────────────────────────────────────────────────────────────────────
]]>
</failure>
<system-out>
<![CDATA[
[[ATTACHMENT|artifacts/smoke-Smoke-Tests---Critic-54573-formance-and-error-handling-chromium/test-failed-1.png]]

[[ATTACHMENT|artifacts/smoke-Smoke-Tests---Critic-54573-formance-and-error-handling-chromium/video.webm]]
]]>
</system-out>
</testcase>
</testsuite>
</testsuites>