<testsuites id="" name="" tests="1" failures="0" skipped="0" errors="0" time="8.181275">
<testsuite name="debug.spec.ts" timestamp="2025-09-04T23:05:20.325Z" hostname="chromium" tests="1" failures="0" skipped="0" time="6.229" errors="0">
<testcase name="Debug Tests › Check what is actually loading" classname="debug.spec.ts" time="6.229">
<system-out>
<![CDATA[Page content: <!DOCTYPE html><html lang="en"><head><style type="text/css">:root{--toastify-color-light: #fff;--toastify-color-dark: #121212;--toastify-color-info: #3498db;--toastify-color-success: #07bc0c;--toastify-color-warning: #f1c40f;--toastify-color-error: hsl(6, 78%, 57%);--toastify-color-transparent: rgba(255, 255, 255, .7);--toastify-icon-color-info: var(--toastify-color-info);--toastify-icon-color-success: var(--toastify-color-success);--toastify-icon-color-warning: var(--toastify-color-warning);--toastify-icon-color-error: var(--toastify-color-error);--toastify-container-width: fit-content;--toastify-toast-width: 320px;--toastify-toast-offset: 16px;--toastify-toast-top: max(var(--toastify-toast-offset), env(safe-area-inset-top));--toastify-toast-right: max(var(--toastify-toast-offset), env(safe-area-inset-right));--toastify-toast-left: max(var(--toastify-toast-offset), env(safe-area-inset-left));--toastify-toast-bottom: max(var(--toastify-toast-offset), env(safe-area-inset-bottom));--toas
Page title: Vite + React
Body text: 
    Professor YagoPROFESSORYago SalesNotas • Redação • Recados • GabaritosSou ProfessorSou AlunoCentro de Ensino Médio 01 do ParanoáCEM 01 do ParanoáControle de notas, redação, gabaritos e avisosDesenvolvido por Professor Yago Sales© 2025 Yago Sales. Todos os direitos reservados.
    
  


React root element count: [33m1[39m
Body text after wait: 
    Professor YagoPROFESSORYago SalesNotas • Redação • Recados • GabaritosSou ProfessorSou AlunoCentro de Ensino Médio 01 do ParanoáCEM 01 do ParanoáControle de notas, redação, gabaritos e avisosDesenvolvido por Professor Yago Sales© 2025 Yago Sales. Todos os direitos reservados.
    
  


]]>
</system-out>
</testcase>
</testsuite>
</testsuites>